{"/Users/sullivanassie/dev/kempoPerso/NipponKempoPerso/backend/app.js": {"path":"/Users/sullivanassie/dev/kempoPerso/NipponKempoPerso/backend/app.js","statementMap":{"0":{"start":{"line":2,"column":0},"end":{"line":2,"column":27}},"1":{"start":{"line":3,"column":16},"end":{"line":3,"column":52}},"2":{"start":{"line":4,"column":17},"end":{"line":4,"column":36}},"3":{"start":{"line":5,"column":13},"end":{"line":5,"column":28}},"4":{"start":{"line":6,"column":15},"end":{"line":6,"column":34}},"5":{"start":{"line":7,"column":20},"end":{"line":7,"column":50}},"6":{"start":{"line":10,"column":0},"end":{"line":13,"column":3}},"7":{"start":{"line":16,"column":0},"end":{"line":21,"column":3}},"8":{"start":{"line":24,"column":0},"end":{"line":30,"column":3}},"9":{"start":{"line":25,"column":2},"end":{"line":29,"column":3}},"10":{"start":{"line":26,"column":4},"end":{"line":26,"column":30}},"11":{"start":{"line":28,"column":4},"end":{"line":28,"column":88}},"12":{"start":{"line":33,"column":0},"end":{"line":33,"column":39}},"13":{"start":{"line":36,"column":0},"end":{"line":36,"column":45}},"14":{"start":{"line":39,"column":20},"end":{"line":56,"column":1}},"15":{"start":{"line":40,"column":23},"end":{"line":40,"column":60}},"16":{"start":{"line":42,"column":2},"end":{"line":55,"column":3}},"17":{"start":{"line":44,"column":4},"end":{"line":46,"column":5}},"18":{"start":{"line":45,"column":6},"end":{"line":45,"column":62}},"19":{"start":{"line":47,"column":4},"end":{"line":47,"column":69}},"20":{"start":{"line":48,"column":4},"end":{"line":48,"column":33}},"21":{"start":{"line":51,"column":21},"end":{"line":52,"column":71}},"22":{"start":{"line":53,"column":4},"end":{"line":53,"column":65}},"23":{"start":{"line":54,"column":4},"end":{"line":54,"column":20}},"24":{"start":{"line":59,"column":18},"end":{"line":105,"column":1}},"25":{"start":{"line":60,"column":2},"end":{"line":104,"column":3}},"26":{"start":{"line":61,"column":21},"end":{"line":61,"column":34}},"27":{"start":{"line":62,"column":25},"end":{"line":62,"column":62}},"28":{"start":{"line":65,"column":25},"end":{"line":71,"column":5}},"29":{"start":{"line":73,"column":4},"end":{"line":73,"column":83}},"30":{"start":{"line":74,"column":4},"end":{"line":74,"column":94}},"31":{"start":{"line":77,"column":4},"end":{"line":80,"column":5}},"32":{"start":{"line":78,"column":6},"end":{"line":78,"column":72}},"33":{"start":{"line":79,"column":6},"end":{"line":79,"column":62}},"34":{"start":{"line":79,"column":35},"end":{"line":79,"column":60}},"35":{"start":{"line":82,"column":4},"end":{"line":82,"column":51}},"36":{"start":{"line":84,"column":4},"end":{"line":84,"column":55}},"37":{"start":{"line":87,"column":23},"end":{"line":87,"column":42}},"38":{"start":{"line":88,"column":4},"end":{"line":88,"column":63}},"39":{"start":{"line":89,"column":4},"end":{"line":89,"column":52}},"40":{"start":{"line":92,"column":4},"end":{"line":92,"column":69}},"41":{"start":{"line":95,"column":4},"end":{"line":99,"column":5}},"42":{"start":{"line":96,"column":6},"end":{"line":96,"column":67}},"43":{"start":{"line":97,"column":6},"end":{"line":97,"column":62}},"44":{"start":{"line":97,"column":35},"end":{"line":97,"column":60}},"45":{"start":{"line":98,"column":6},"end":{"line":98,"column":25}},"46":{"start":{"line":102,"column":4},"end":{"line":102,"column":60}},"47":{"start":{"line":102,"column":33},"end":{"line":102,"column":58}},"48":{"start":{"line":103,"column":4},"end":{"line":103,"column":20}},"49":{"start":{"line":108,"column":0},"end":{"line":115,"column":3}},"50":{"start":{"line":109,"column":2},"end":{"line":114,"column":4}},"51":{"start":{"line":118,"column":0},"end":{"line":147,"column":3}},"52":{"start":{"line":119,"column":2},"end":{"line":146,"column":3}},"53":{"start":{"line":121,"column":4},"end":{"line":138,"column":5}},"54":{"start":{"line":122,"column":21},"end":{"line":129,"column":7}},"55":{"start":{"line":130,"column":6},"end":{"line":130,"column":20}},"56":{"start":{"line":132,"column":6},"end":{"line":137,"column":8}},"57":{"start":{"line":140,"column":4},"end":{"line":140,"column":27}},"58":{"start":{"line":141,"column":4},"end":{"line":145,"column":7}},"59":{"start":{"line":150,"column":0},"end":{"line":150,"column":25}},"60":{"start":{"line":153,"column":14},"end":{"line":162,"column":1}},"61":{"start":{"line":154,"column":2},"end":{"line":161,"column":3}},"62":{"start":{"line":155,"column":4},"end":{"line":155,"column":22}},"63":{"start":{"line":156,"column":4},"end":{"line":156,"column":78}},"64":{"start":{"line":157,"column":4},"end":{"line":157,"column":88}},"65":{"start":{"line":159,"column":4},"end":{"line":159,"column":27}},"66":{"start":{"line":160,"column":4},"end":{"line":160,"column":20}},"67":{"start":{"line":164,"column":0},"end":{"line":164,"column":8}}},"fnMap":{"0":{"name":"(anonymous_0)","decl":{"start":{"line":24,"column":33},"end":{"line":24,"column":34}},"loc":{"start":{"line":24,"column":59},"end":{"line":30,"column":1}},"line":24},"1":{"name":"(anonymous_1)","decl":{"start":{"line":39,"column":20},"end":{"line":39,"column":21}},"loc":{"start":{"line":39,"column":26},"end":{"line":56,"column":1}},"line":39},"2":{"name":"(anonymous_2)","decl":{"start":{"line":59,"column":18},"end":{"line":59,"column":19}},"loc":{"start":{"line":59,"column":30},"end":{"line":105,"column":1}},"line":59},"3":{"name":"(anonymous_3)","decl":{"start":{"line":79,"column":24},"end":{"line":79,"column":25}},"loc":{"start":{"line":79,"column":35},"end":{"line":79,"column":60}},"line":79},"4":{"name":"(anonymous_4)","decl":{"start":{"line":97,"column":24},"end":{"line":97,"column":25}},"loc":{"start":{"line":97,"column":35},"end":{"line":97,"column":60}},"line":97},"5":{"name":"(anonymous_5)","decl":{"start":{"line":102,"column":22},"end":{"line":102,"column":23}},"loc":{"start":{"line":102,"column":33},"end":{"line":102,"column":58}},"line":102},"6":{"name":"(anonymous_6)","decl":{"start":{"line":108,"column":17},"end":{"line":108,"column":18}},"loc":{"start":{"line":108,"column":43},"end":{"line":115,"column":1}},"line":108},"7":{"name":"(anonymous_7)","decl":{"start":{"line":118,"column":28},"end":{"line":118,"column":29}},"loc":{"start":{"line":118,"column":54},"end":{"line":147,"column":1}},"line":118},"8":{"name":"(anonymous_8)","decl":{"start":{"line":153,"column":14},"end":{"line":153,"column":15}},"loc":{"start":{"line":153,"column":26},"end":{"line":162,"column":1}},"line":153}},"branchMap":{"0":{"loc":{"start":{"line":17,"column":10},"end":{"line":17,"column":61}},"type":"binary-expr","locations":[{"start":{"line":17,"column":10},"end":{"line":17,"column":32}},{"start":{"line":17,"column":36},"end":{"line":17,"column":61}}],"line":17},"1":{"loc":{"start":{"line":42,"column":2},"end":{"line":55,"column":3}},"type":"if","locations":[{"start":{"line":42,"column":2},"end":{"line":55,"column":3}},{"start":{"line":49,"column":9},"end":{"line":55,"column":3}}],"line":42},"2":{"loc":{"start":{"line":44,"column":4},"end":{"line":46,"column":5}},"type":"if","locations":[{"start":{"line":44,"column":4},"end":{"line":46,"column":5}},{"start":{},"end":{}}],"line":44},"3":{"loc":{"start":{"line":51,"column":21},"end":{"line":52,"column":71}},"type":"binary-expr","locations":[{"start":{"line":51,"column":21},"end":{"line":51,"column":42}},{"start":{"line":52,"column":6},"end":{"line":52,"column":71}}],"line":51},"4":{"loc":{"start":{"line":68,"column":32},"end":{"line":68,"column":59}},"type":"cond-expr","locations":[{"start":{"line":68,"column":47},"end":{"line":68,"column":52}},{"start":{"line":68,"column":55},"end":{"line":68,"column":59}}],"line":68},"5":{"loc":{"start":{"line":70,"column":24},"end":{"line":70,"column":52}},"type":"cond-expr","locations":[{"start":{"line":70,"column":39},"end":{"line":70,"column":44}},{"start":{"line":70,"column":47},"end":{"line":70,"column":52}}],"line":70},"6":{"loc":{"start":{"line":73,"column":42},"end":{"line":73,"column":79}},"type":"binary-expr","locations":[{"start":{"line":73,"column":42},"end":{"line":73,"column":62}},{"start":{"line":73,"column":66},"end":{"line":73,"column":79}}],"line":73},"7":{"loc":{"start":{"line":77,"column":4},"end":{"line":80,"column":5}},"type":"if","locations":[{"start":{"line":77,"column":4},"end":{"line":80,"column":5}},{"start":{},"end":{}}],"line":77},"8":{"loc":{"start":{"line":95,"column":4},"end":{"line":99,"column":5}},"type":"if","locations":[{"start":{"line":95,"column":4},"end":{"line":99,"column":5}},{"start":{},"end":{}}],"line":95},"9":{"loc":{"start":{"line":112,"column":17},"end":{"line":112,"column":54}},"type":"binary-expr","locations":[{"start":{"line":112,"column":17},"end":{"line":112,"column":37}},{"start":{"line":112,"column":41},"end":{"line":112,"column":54}}],"line":112},"10":{"loc":{"start":{"line":121,"column":4},"end":{"line":138,"column":5}},"type":"if","locations":[{"start":{"line":121,"column":4},"end":{"line":138,"column":5}},{"start":{"line":131,"column":11},"end":{"line":138,"column":5}}],"line":121},"11":{"loc":{"start":{"line":127,"column":21},"end":{"line":127,"column":58}},"type":"binary-expr","locations":[{"start":{"line":127,"column":21},"end":{"line":127,"column":41}},{"start":{"line":127,"column":45},"end":{"line":127,"column":58}}],"line":127},"12":{"loc":{"start":{"line":136,"column":21},"end":{"line":136,"column":58}},"type":"binary-expr","locations":[{"start":{"line":136,"column":21},"end":{"line":136,"column":41}},{"start":{"line":136,"column":45},"end":{"line":136,"column":58}}],"line":136},"13":{"loc":{"start":{"line":144,"column":19},"end":{"line":144,"column":56}},"type":"binary-expr","locations":[{"start":{"line":144,"column":19},"end":{"line":144,"column":39}},{"start":{"line":144,"column":43},"end":{"line":144,"column":56}}],"line":144},"14":{"loc":{"start":{"line":156,"column":33},"end":{"line":156,"column":57}},"type":"binary-expr","locations":[{"start":{"line":156,"column":33},"end":{"line":156,"column":49}},{"start":{"line":156,"column":53},"end":{"line":156,"column":57}}],"line":156}},"s":{"0":0,"1":0,"2":0,"3":0,"4":0,"5":0,"6":0,"7":0,"8":0,"9":0,"10":0,"11":0,"12":0,"13":0,"14":0,"15":0,"16":0,"17":0,"18":0,"19":0,"20":0,"21":0,"22":0,"23":0,"24":0,"25":0,"26":0,"27":0,"28":0,"29":0,"30":0,"31":0,"32":0,"33":0,"34":0,"35":0,"36":0,"37":0,"38":0,"39":0,"40":0,"41":0,"42":0,"43":0,"44":0,"45":0,"46":0,"47":0,"48":0,"49":0,"50":0,"51":0,"52":0,"53":0,"54":0,"55":0,"56":0,"57":0,"58":0,"59":0,"60":0,"61":0,"62":0,"63":0,"64":0,"65":0,"66":0,"67":0},"f":{"0":0,"1":0,"2":0,"3":0,"4":0,"5":0,"6":0,"7":0,"8":0},"b":{"0":[0,0],"1":[0,0],"2":[0,0],"3":[0,0],"4":[0,0],"5":[0,0],"6":[0,0],"7":[0,0],"8":[0,0],"9":[0,0],"10":[0,0],"11":[0,0],"12":[0,0],"13":[0,0],"14":[0,0]}}
,"/Users/sullivanassie/dev/kempoPerso/NipponKempoPerso/backend/controllers/authController.js": {"path":"/Users/sullivanassie/dev/kempoPerso/NipponKempoPerso/backend/controllers/authController.js","statementMap":{"0":{"start":{"line":2,"column":13},"end":{"line":2,"column":38}},"1":{"start":{"line":3,"column":15},"end":{"line":3,"column":34}},"2":{"start":{"line":4,"column":15},"end":{"line":4,"column":32}},"3":{"start":{"line":5,"column":19},"end":{"line":5,"column":40}},"4":{"start":{"line":10,"column":0},"end":{"line":83,"column":2}},"5":{"start":{"line":11,"column":2},"end":{"line":82,"column":3}},"6":{"start":{"line":12,"column":4},"end":{"line":12,"column":61}},"7":{"start":{"line":13,"column":32},"end":{"line":13,"column":44}},"8":{"start":{"line":14,"column":4},"end":{"line":14,"column":52}},"9":{"start":{"line":17,"column":17},"end":{"line":17,"column":46}},"10":{"start":{"line":18,"column":4},"end":{"line":21,"column":5}},"11":{"start":{"line":19,"column":6},"end":{"line":19,"column":73}},"12":{"start":{"line":20,"column":6},"end":{"line":20,"column":104}},"13":{"start":{"line":23,"column":4},"end":{"line":23,"column":66}},"14":{"start":{"line":24,"column":4},"end":{"line":24,"column":134}},"15":{"start":{"line":27,"column":4},"end":{"line":30,"column":5}},"16":{"start":{"line":28,"column":6},"end":{"line":28,"column":66}},"17":{"start":{"line":29,"column":6},"end":{"line":29,"column":90}},"18":{"start":{"line":33,"column":20},"end":{"line":33,"column":65}},"19":{"start":{"line":34,"column":4},"end":{"line":37,"column":5}},"20":{"start":{"line":35,"column":6},"end":{"line":35,"column":77}},"21":{"start":{"line":36,"column":6},"end":{"line":36,"column":104}},"22":{"start":{"line":39,"column":4},"end":{"line":39,"column":53}},"23":{"start":{"line":42,"column":4},"end":{"line":42,"column":32}},"24":{"start":{"line":43,"column":4},"end":{"line":43,"column":22}},"25":{"start":{"line":44,"column":4},"end":{"line":44,"column":115}},"26":{"start":{"line":47,"column":18},"end":{"line":51,"column":6}},"27":{"start":{"line":52,"column":4},"end":{"line":52,"column":50}},"28":{"start":{"line":55,"column":21},"end":{"line":66,"column":5}},"29":{"start":{"line":68,"column":4},"end":{"line":68,"column":71}},"30":{"start":{"line":69,"column":4},"end":{"line":69,"column":65}},"31":{"start":{"line":70,"column":4},"end":{"line":70,"column":59}},"32":{"start":{"line":73,"column":4},"end":{"line":73,"column":20}},"33":{"start":{"line":75,"column":4},"end":{"line":75,"column":55}},"34":{"start":{"line":76,"column":4},"end":{"line":76,"column":55}},"35":{"start":{"line":77,"column":4},"end":{"line":77,"column":49}},"36":{"start":{"line":78,"column":4},"end":{"line":78,"column":59}},"37":{"start":{"line":80,"column":4},"end":{"line":80,"column":29}},"38":{"start":{"line":81,"column":4},"end":{"line":81,"column":83}},"39":{"start":{"line":88,"column":0},"end":{"line":170,"column":2}},"40":{"start":{"line":89,"column":2},"end":{"line":169,"column":3}},"41":{"start":{"line":90,"column":4},"end":{"line":90,"column":63}},"42":{"start":{"line":91,"column":91},"end":{"line":91,"column":103}},"43":{"start":{"line":92,"column":4},"end":{"line":92,"column":136}},"44":{"start":{"line":95,"column":15},"end":{"line":95,"column":44}},"45":{"start":{"line":96,"column":4},"end":{"line":99,"column":5}},"46":{"start":{"line":97,"column":6},"end":{"line":97,"column":77}},"47":{"start":{"line":98,"column":6},"end":{"line":98,"column":99}},"48":{"start":{"line":102,"column":4},"end":{"line":111,"column":5}},"49":{"start":{"line":103,"column":36},"end":{"line":103,"column":73}},"50":{"start":{"line":104,"column":6},"end":{"line":110,"column":7}},"51":{"start":{"line":105,"column":8},"end":{"line":105,"column":102}},"52":{"start":{"line":106,"column":8},"end":{"line":109,"column":11}},"53":{"start":{"line":114,"column":17},"end":{"line":114,"column":41}},"54":{"start":{"line":115,"column":27},"end":{"line":115,"column":60}},"55":{"start":{"line":116,"column":4},"end":{"line":116,"column":52}},"56":{"start":{"line":119,"column":4},"end":{"line":129,"column":7}},"57":{"start":{"line":131,"column":4},"end":{"line":131,"column":22}},"58":{"start":{"line":132,"column":4},"end":{"line":132,"column":154}},"59":{"start":{"line":135,"column":18},"end":{"line":139,"column":6}},"60":{"start":{"line":140,"column":4},"end":{"line":140,"column":50}},"61":{"start":{"line":143,"column":21},"end":{"line":154,"column":5}},"62":{"start":{"line":156,"column":4},"end":{"line":156,"column":65}},"63":{"start":{"line":157,"column":4},"end":{"line":157,"column":61}},"64":{"start":{"line":160,"column":4},"end":{"line":160,"column":42}},"65":{"start":{"line":162,"column":4},"end":{"line":162,"column":57}},"66":{"start":{"line":163,"column":4},"end":{"line":163,"column":55}},"67":{"start":{"line":164,"column":4},"end":{"line":164,"column":49}},"68":{"start":{"line":165,"column":4},"end":{"line":165,"column":61}},"69":{"start":{"line":167,"column":4},"end":{"line":167,"column":29}},"70":{"start":{"line":168,"column":4},"end":{"line":168,"column":83}},"71":{"start":{"line":175,"column":0},"end":{"line":200,"column":2}},"72":{"start":{"line":176,"column":2},"end":{"line":199,"column":3}},"73":{"start":{"line":177,"column":4},"end":{"line":177,"column":71}},"74":{"start":{"line":178,"column":4},"end":{"line":178,"column":82}},"75":{"start":{"line":180,"column":17},"end":{"line":180,"column":73}},"76":{"start":{"line":182,"column":4},"end":{"line":185,"column":5}},"77":{"start":{"line":183,"column":6},"end":{"line":183,"column":71}},"78":{"start":{"line":184,"column":6},"end":{"line":184,"column":93}},"79":{"start":{"line":187,"column":4},"end":{"line":187,"column":82}},"80":{"start":{"line":188,"column":4},"end":{"line":188,"column":69}},"81":{"start":{"line":190,"column":4},"end":{"line":190,"column":16}},"82":{"start":{"line":192,"column":4},"end":{"line":192,"column":65}},"83":{"start":{"line":193,"column":4},"end":{"line":193,"column":55}},"84":{"start":{"line":194,"column":4},"end":{"line":194,"column":49}},"85":{"start":{"line":195,"column":4},"end":{"line":195,"column":69}},"86":{"start":{"line":197,"column":4},"end":{"line":197,"column":29}},"87":{"start":{"line":198,"column":4},"end":{"line":198,"column":83}},"88":{"start":{"line":205,"column":0},"end":{"line":208,"column":2}},"89":{"start":{"line":206,"column":2},"end":{"line":206,"column":78}},"90":{"start":{"line":207,"column":2},"end":{"line":207,"column":59}},"91":{"start":{"line":213,"column":0},"end":{"line":293,"column":2}},"92":{"start":{"line":214,"column":2},"end":{"line":292,"column":3}},"93":{"start":{"line":215,"column":4},"end":{"line":215,"column":77}},"94":{"start":{"line":216,"column":22},"end":{"line":216,"column":34}},"95":{"start":{"line":217,"column":4},"end":{"line":217,"column":78}},"96":{"start":{"line":220,"column":17},"end":{"line":220,"column":46}},"97":{"start":{"line":221,"column":4},"end":{"line":227,"column":5}},"98":{"start":{"line":222,"column":6},"end":{"line":222,"column":64}},"99":{"start":{"line":223,"column":6},"end":{"line":226,"column":9}},"100":{"start":{"line":229,"column":4},"end":{"line":229,"column":70}},"101":{"start":{"line":232,"column":23},"end":{"line":232,"column":61}},"102":{"start":{"line":233,"column":4},"end":{"line":233,"column":66}},"103":{"start":{"line":236,"column":4},"end":{"line":236,"column":41}},"104":{"start":{"line":237,"column":4},"end":{"line":237,"column":53}},"105":{"start":{"line":238,"column":4},"end":{"line":238,"column":22}},"106":{"start":{"line":239,"column":4},"end":{"line":239,"column":129}},"107":{"start":{"line":242,"column":24},"end":{"line":250,"column":6}},"108":{"start":{"line":253,"column":20},"end":{"line":253,"column":71}},"109":{"start":{"line":254,"column":21},"end":{"line":254,"column":64}},"110":{"start":{"line":255,"column":4},"end":{"line":255,"column":64}},"111":{"start":{"line":258,"column":24},"end":{"line":273,"column":5}},"112":{"start":{"line":276,"column":4},"end":{"line":276,"column":44}},"113":{"start":{"line":277,"column":4},"end":{"line":277,"column":63}},"114":{"start":{"line":278,"column":4},"end":{"line":278,"column":75}},"115":{"start":{"line":280,"column":4},"end":{"line":283,"column":6}},"116":{"start":{"line":285,"column":4},"end":{"line":285,"column":73}},"117":{"start":{"line":286,"column":4},"end":{"line":286,"column":55}},"118":{"start":{"line":287,"column":4},"end":{"line":287,"column":49}},"119":{"start":{"line":288,"column":4},"end":{"line":288,"column":77}},"120":{"start":{"line":290,"column":4},"end":{"line":290,"column":29}},"121":{"start":{"line":291,"column":4},"end":{"line":291,"column":83}},"122":{"start":{"line":298,"column":0},"end":{"line":349,"column":2}},"123":{"start":{"line":299,"column":2},"end":{"line":348,"column":3}},"124":{"start":{"line":300,"column":4},"end":{"line":300,"column":69}},"125":{"start":{"line":301,"column":22},"end":{"line":301,"column":36}},"126":{"start":{"line":302,"column":25},"end":{"line":302,"column":37}},"127":{"start":{"line":303,"column":4},"end":{"line":303,"column":89}},"128":{"start":{"line":306,"column":17},"end":{"line":309,"column":6}},"129":{"start":{"line":311,"column":4},"end":{"line":317,"column":5}},"130":{"start":{"line":312,"column":6},"end":{"line":312,"column":85}},"131":{"start":{"line":313,"column":6},"end":{"line":316,"column":9}},"132":{"start":{"line":319,"column":4},"end":{"line":319,"column":76}},"133":{"start":{"line":322,"column":17},"end":{"line":322,"column":41}},"134":{"start":{"line":323,"column":27},"end":{"line":323,"column":60}},"135":{"start":{"line":324,"column":4},"end":{"line":324,"column":65}},"136":{"start":{"line":327,"column":4},"end":{"line":327,"column":35}},"137":{"start":{"line":328,"column":4},"end":{"line":328,"column":40}},"138":{"start":{"line":329,"column":4},"end":{"line":329,"column":42}},"139":{"start":{"line":330,"column":4},"end":{"line":330,"column":32}},"140":{"start":{"line":332,"column":4},"end":{"line":332,"column":22}},"141":{"start":{"line":333,"column":4},"end":{"line":333,"column":76}},"142":{"start":{"line":334,"column":4},"end":{"line":334,"column":67}},"143":{"start":{"line":336,"column":4},"end":{"line":339,"column":6}},"144":{"start":{"line":341,"column":4},"end":{"line":341,"column":75}},"145":{"start":{"line":342,"column":4},"end":{"line":342,"column":55}},"146":{"start":{"line":343,"column":4},"end":{"line":343,"column":49}},"147":{"start":{"line":344,"column":4},"end":{"line":344,"column":79}},"148":{"start":{"line":346,"column":4},"end":{"line":346,"column":29}},"149":{"start":{"line":347,"column":4},"end":{"line":347,"column":83}}},"fnMap":{"0":{"name":"(anonymous_0)","decl":{"start":{"line":10,"column":16},"end":{"line":10,"column":17}},"loc":{"start":{"line":10,"column":42},"end":{"line":83,"column":1}},"line":10},"1":{"name":"(anonymous_1)","decl":{"start":{"line":88,"column":19},"end":{"line":88,"column":20}},"loc":{"start":{"line":88,"column":45},"end":{"line":170,"column":1}},"line":88},"2":{"name":"(anonymous_2)","decl":{"start":{"line":175,"column":16},"end":{"line":175,"column":17}},"loc":{"start":{"line":175,"column":42},"end":{"line":200,"column":1}},"line":175},"3":{"name":"(anonymous_3)","decl":{"start":{"line":205,"column":17},"end":{"line":205,"column":18}},"loc":{"start":{"line":205,"column":43},"end":{"line":208,"column":1}},"line":205},"4":{"name":"(anonymous_4)","decl":{"start":{"line":213,"column":25},"end":{"line":213,"column":26}},"loc":{"start":{"line":213,"column":51},"end":{"line":293,"column":1}},"line":213},"5":{"name":"(anonymous_5)","decl":{"start":{"line":298,"column":24},"end":{"line":298,"column":25}},"loc":{"start":{"line":298,"column":50},"end":{"line":349,"column":1}},"line":298}},"branchMap":{"0":{"loc":{"start":{"line":18,"column":4},"end":{"line":21,"column":5}},"type":"if","locations":[{"start":{"line":18,"column":4},"end":{"line":21,"column":5}},{"start":{},"end":{}}],"line":18},"1":{"loc":{"start":{"line":27,"column":4},"end":{"line":30,"column":5}},"type":"if","locations":[{"start":{"line":27,"column":4},"end":{"line":30,"column":5}},{"start":{},"end":{}}],"line":27},"2":{"loc":{"start":{"line":34,"column":4},"end":{"line":37,"column":5}},"type":"if","locations":[{"start":{"line":34,"column":4},"end":{"line":37,"column":5}},{"start":{},"end":{}}],"line":34},"3":{"loc":{"start":{"line":92,"column":106},"end":{"line":92,"column":132}},"type":"binary-expr","locations":[{"start":{"line":92,"column":106},"end":{"line":92,"column":114}},{"start":{"line":92,"column":118},"end":{"line":92,"column":132}}],"line":92},"4":{"loc":{"start":{"line":96,"column":4},"end":{"line":99,"column":5}},"type":"if","locations":[{"start":{"line":96,"column":4},"end":{"line":99,"column":5}},{"start":{},"end":{}}],"line":96},"5":{"loc":{"start":{"line":102,"column":4},"end":{"line":111,"column":5}},"type":"if","locations":[{"start":{"line":102,"column":4},"end":{"line":111,"column":5}},{"start":{},"end":{}}],"line":102},"6":{"loc":{"start":{"line":104,"column":6},"end":{"line":110,"column":7}},"type":"if","locations":[{"start":{"line":104,"column":6},"end":{"line":110,"column":7}},{"start":{},"end":{}}],"line":104},"7":{"loc":{"start":{"line":132,"column":124},"end":{"line":132,"column":150}},"type":"binary-expr","locations":[{"start":{"line":132,"column":124},"end":{"line":132,"column":132}},{"start":{"line":132,"column":136},"end":{"line":132,"column":150}}],"line":132},"8":{"loc":{"start":{"line":182,"column":4},"end":{"line":185,"column":5}},"type":"if","locations":[{"start":{"line":182,"column":4},"end":{"line":185,"column":5}},{"start":{},"end":{}}],"line":182},"9":{"loc":{"start":{"line":221,"column":4},"end":{"line":227,"column":5}},"type":"if","locations":[{"start":{"line":221,"column":4},"end":{"line":227,"column":5}},{"start":{},"end":{}}],"line":221},"10":{"loc":{"start":{"line":243,"column":12},"end":{"line":243,"column":54}},"type":"binary-expr","locations":[{"start":{"line":243,"column":12},"end":{"line":243,"column":34}},{"start":{"line":243,"column":38},"end":{"line":243,"column":54}}],"line":243},"11":{"loc":{"start":{"line":244,"column":12},"end":{"line":244,"column":41}},"type":"binary-expr","locations":[{"start":{"line":244,"column":12},"end":{"line":244,"column":34}},{"start":{"line":244,"column":38},"end":{"line":244,"column":41}}],"line":244},"12":{"loc":{"start":{"line":245,"column":14},"end":{"line":245,"column":58}},"type":"binary-expr","locations":[{"start":{"line":245,"column":14},"end":{"line":245,"column":49}},{"start":{"line":245,"column":53},"end":{"line":245,"column":58}}],"line":245},"13":{"loc":{"start":{"line":253,"column":20},"end":{"line":253,"column":71}},"type":"binary-expr","locations":[{"start":{"line":253,"column":20},"end":{"line":253,"column":44}},{"start":{"line":253,"column":48},"end":{"line":253,"column":71}}],"line":253},"14":{"loc":{"start":{"line":311,"column":4},"end":{"line":317,"column":5}},"type":"if","locations":[{"start":{"line":311,"column":4},"end":{"line":317,"column":5}},{"start":{},"end":{}}],"line":311}},"s":{"0":2,"1":2,"2":2,"3":2,"4":2,"5":0,"6":0,"7":0,"8":0,"9":0,"10":0,"11":0,"12":0,"13":0,"14":0,"15":0,"16":0,"17":0,"18":0,"19":0,"20":0,"21":0,"22":0,"23":0,"24":0,"25":0,"26":0,"27":0,"28":0,"29":0,"30":0,"31":0,"32":0,"33":0,"34":0,"35":0,"36":0,"37":0,"38":0,"39":2,"40":0,"41":0,"42":0,"43":0,"44":0,"45":0,"46":0,"47":0,"48":0,"49":0,"50":0,"51":0,"52":0,"53":0,"54":0,"55":0,"56":0,"57":0,"58":0,"59":0,"60":0,"61":0,"62":0,"63":0,"64":0,"65":0,"66":0,"67":0,"68":0,"69":0,"70":0,"71":2,"72":0,"73":0,"74":0,"75":0,"76":0,"77":0,"78":0,"79":0,"80":0,"81":0,"82":0,"83":0,"84":0,"85":0,"86":0,"87":0,"88":2,"89":0,"90":0,"91":2,"92":0,"93":0,"94":0,"95":0,"96":0,"97":0,"98":0,"99":0,"100":0,"101":0,"102":0,"103":0,"104":0,"105":0,"106":0,"107":0,"108":0,"109":0,"110":0,"111":0,"112":0,"113":0,"114":0,"115":0,"116":0,"117":0,"118":0,"119":0,"120":0,"121":0,"122":2,"123":0,"124":0,"125":0,"126":0,"127":0,"128":0,"129":0,"130":0,"131":0,"132":0,"133":0,"134":0,"135":0,"136":0,"137":0,"138":0,"139":0,"140":0,"141":0,"142":0,"143":0,"144":0,"145":0,"146":0,"147":0,"148":0,"149":0},"f":{"0":0,"1":0,"2":0,"3":0,"4":0,"5":0},"b":{"0":[0,0],"1":[0,0],"2":[0,0],"3":[0,0],"4":[0,0],"5":[0,0],"6":[0,0],"7":[0,0],"8":[0,0],"9":[0,0],"10":[0,0],"11":[0,0],"12":[0,0],"13":[0,0],"14":[0,0]},"_coverageSchema":"1a1c01bbd47fc00a2c39e90264f33305004495a9","hash":"b2eeefafa07f2a8f6715f8ec5680b4f275721274"}
,"/Users/sullivanassie/dev/kempoPerso/NipponKempoPerso/backend/controllers/backupController.js": {"path":"/Users/sullivanassie/dev/kempoPerso/NipponKempoPerso/backend/controllers/backupController.js","statementMap":{"0":{"start":{"line":1,"column":22},"end":{"line":1,"column":55}},"1":{"start":{"line":2,"column":13},"end":{"line":2,"column":28}},"2":{"start":{"line":3,"column":11},"end":{"line":3,"column":24}},"3":{"start":{"line":8,"column":0},"end":{"line":36,"column":2}},"4":{"start":{"line":9,"column":2},"end":{"line":35,"column":3}},"5":{"start":{"line":11,"column":19},"end":{"line":11,"column":53}},"6":{"start":{"line":13,"column":4},"end":{"line":19,"column":5}},"7":{"start":{"line":14,"column":6},"end":{"line":18,"column":9}},"8":{"start":{"line":21,"column":4},"end":{"line":28,"column":7}},"9":{"start":{"line":30,"column":4},"end":{"line":30,"column":29}},"10":{"start":{"line":31,"column":4},"end":{"line":34,"column":7}},"11":{"start":{"line":41,"column":0},"end":{"line":57,"column":2}},"12":{"start":{"line":42,"column":2},"end":{"line":56,"column":3}},"13":{"start":{"line":44,"column":20},"end":{"line":44,"column":53}},"14":{"start":{"line":46,"column":4},"end":{"line":49,"column":7}},"15":{"start":{"line":51,"column":4},"end":{"line":51,"column":29}},"16":{"start":{"line":52,"column":4},"end":{"line":55,"column":7}},"17":{"start":{"line":62,"column":0},"end":{"line":93,"column":2}},"18":{"start":{"line":63,"column":2},"end":{"line":92,"column":3}},"19":{"start":{"line":65,"column":25},"end":{"line":65,"column":39}},"20":{"start":{"line":66,"column":22},"end":{"line":66,"column":56}},"21":{"start":{"line":67,"column":21},"end":{"line":67,"column":51}},"22":{"start":{"line":70,"column":4},"end":{"line":75,"column":5}},"23":{"start":{"line":71,"column":6},"end":{"line":74,"column":9}},"24":{"start":{"line":78,"column":23},"end":{"line":78,"column":52}},"25":{"start":{"line":81,"column":4},"end":{"line":81,"column":61}},"26":{"start":{"line":82,"column":4},"end":{"line":82,"column":76}},"27":{"start":{"line":85,"column":4},"end":{"line":85,"column":34}},"28":{"start":{"line":87,"column":4},"end":{"line":87,"column":29}},"29":{"start":{"line":88,"column":4},"end":{"line":91,"column":7}},"30":{"start":{"line":98,"column":0},"end":{"line":126,"column":2}},"31":{"start":{"line":99,"column":2},"end":{"line":125,"column":3}},"32":{"start":{"line":101,"column":25},"end":{"line":101,"column":39}},"33":{"start":{"line":102,"column":19},"end":{"line":102,"column":62}},"34":{"start":{"line":104,"column":4},"end":{"line":110,"column":5}},"35":{"start":{"line":105,"column":6},"end":{"line":109,"column":9}},"36":{"start":{"line":112,"column":4},"end":{"line":118,"column":7}},"37":{"start":{"line":120,"column":4},"end":{"line":120,"column":29}},"38":{"start":{"line":121,"column":4},"end":{"line":124,"column":7}},"39":{"start":{"line":131,"column":0},"end":{"line":156,"column":2}},"40":{"start":{"line":132,"column":2},"end":{"line":155,"column":3}},"41":{"start":{"line":134,"column":25},"end":{"line":134,"column":39}},"42":{"start":{"line":135,"column":19},"end":{"line":135,"column":61}},"43":{"start":{"line":137,"column":4},"end":{"line":143,"column":5}},"44":{"start":{"line":138,"column":6},"end":{"line":142,"column":9}},"45":{"start":{"line":145,"column":4},"end":{"line":148,"column":7}},"46":{"start":{"line":150,"column":4},"end":{"line":150,"column":29}},"47":{"start":{"line":151,"column":4},"end":{"line":154,"column":7}}},"fnMap":{"0":{"name":"(anonymous_0)","decl":{"start":{"line":8,"column":23},"end":{"line":8,"column":24}},"loc":{"start":{"line":8,"column":49},"end":{"line":36,"column":1}},"line":8},"1":{"name":"(anonymous_1)","decl":{"start":{"line":41,"column":22},"end":{"line":41,"column":23}},"loc":{"start":{"line":41,"column":48},"end":{"line":57,"column":1}},"line":41},"2":{"name":"(anonymous_2)","decl":{"start":{"line":62,"column":25},"end":{"line":62,"column":26}},"loc":{"start":{"line":62,"column":51},"end":{"line":93,"column":1}},"line":62},"3":{"name":"(anonymous_3)","decl":{"start":{"line":98,"column":24},"end":{"line":98,"column":25}},"loc":{"start":{"line":98,"column":50},"end":{"line":126,"column":1}},"line":98},"4":{"name":"(anonymous_4)","decl":{"start":{"line":131,"column":23},"end":{"line":131,"column":24}},"loc":{"start":{"line":131,"column":49},"end":{"line":156,"column":1}},"line":131}},"branchMap":{"0":{"loc":{"start":{"line":13,"column":4},"end":{"line":19,"column":5}},"type":"if","locations":[{"start":{"line":13,"column":4},"end":{"line":19,"column":5}},{"start":{},"end":{}}],"line":13},"1":{"loc":{"start":{"line":70,"column":4},"end":{"line":75,"column":5}},"type":"if","locations":[{"start":{"line":70,"column":4},"end":{"line":75,"column":5}},{"start":{},"end":{}}],"line":70},"2":{"loc":{"start":{"line":104,"column":4},"end":{"line":110,"column":5}},"type":"if","locations":[{"start":{"line":104,"column":4},"end":{"line":110,"column":5}},{"start":{},"end":{}}],"line":104},"3":{"loc":{"start":{"line":137,"column":4},"end":{"line":143,"column":5}},"type":"if","locations":[{"start":{"line":137,"column":4},"end":{"line":143,"column":5}},{"start":{},"end":{}}],"line":137}},"s":{"0":2,"1":2,"2":2,"3":2,"4":0,"5":0,"6":0,"7":0,"8":0,"9":0,"10":0,"11":2,"12":0,"13":0,"14":0,"15":0,"16":0,"17":2,"18":0,"19":0,"20":0,"21":0,"22":0,"23":0,"24":0,"25":0,"26":0,"27":0,"28":0,"29":0,"30":2,"31":0,"32":0,"33":0,"34":0,"35":0,"36":0,"37":0,"38":0,"39":2,"40":0,"41":0,"42":0,"43":0,"44":0,"45":0,"46":0,"47":0},"f":{"0":0,"1":0,"2":0,"3":0,"4":0},"b":{"0":[0,0],"1":[0,0],"2":[0,0],"3":[0,0]},"_coverageSchema":"1a1c01bbd47fc00a2c39e90264f33305004495a9","hash":"4722465e794ec6aca26905cee92463588b06716a"}
,"/Users/sullivanassie/dev/kempoPerso/NipponKempoPerso/backend/controllers/clubController.js": {"path":"/Users/sullivanassie/dev/kempoPerso/NipponKempoPerso/backend/controllers/clubController.js","statementMap":{"0":{"start":{"line":1,"column":13},"end":{"line":1,"column":38}},"1":{"start":{"line":2,"column":13},"end":{"line":2,"column":38}},"2":{"start":{"line":3,"column":17},"end":{"line":3,"column":36}},"3":{"start":{"line":6,"column":0},"end":{"line":39,"column":2}},"4":{"start":{"line":7,"column":2},"end":{"line":38,"column":3}},"5":{"start":{"line":9,"column":4},"end":{"line":11,"column":5}},"6":{"start":{"line":10,"column":6},"end":{"line":10,"column":115}},"7":{"start":{"line":14,"column":25},"end":{"line":14,"column":72}},"8":{"start":{"line":15,"column":4},"end":{"line":17,"column":5}},"9":{"start":{"line":16,"column":6},"end":{"line":16,"column":83}},"10":{"start":{"line":19,"column":17},"end":{"line":32,"column":6}},"11":{"start":{"line":34,"column":4},"end":{"line":34,"column":22}},"12":{"start":{"line":35,"column":4},"end":{"line":35,"column":38}},"13":{"start":{"line":37,"column":4},"end":{"line":37,"column":60}},"14":{"start":{"line":42,"column":0},"end":{"line":49,"column":2}},"15":{"start":{"line":43,"column":2},"end":{"line":48,"column":3}},"16":{"start":{"line":44,"column":18},"end":{"line":44,"column":50}},"17":{"start":{"line":45,"column":4},"end":{"line":45,"column":29}},"18":{"start":{"line":47,"column":4},"end":{"line":47,"column":60}},"19":{"start":{"line":52,"column":0},"end":{"line":70,"column":2}},"20":{"start":{"line":53,"column":2},"end":{"line":69,"column":3}},"21":{"start":{"line":54,"column":17},"end":{"line":57,"column":21}},"22":{"start":{"line":59,"column":4},"end":{"line":61,"column":5}},"23":{"start":{"line":60,"column":6},"end":{"line":60,"column":66}},"24":{"start":{"line":63,"column":4},"end":{"line":63,"column":28}},"25":{"start":{"line":65,"column":4},"end":{"line":67,"column":5}},"26":{"start":{"line":66,"column":6},"end":{"line":66,"column":66}},"27":{"start":{"line":68,"column":4},"end":{"line":68,"column":60}},"28":{"start":{"line":73,"column":0},"end":{"line":111,"column":2}},"29":{"start":{"line":74,"column":2},"end":{"line":110,"column":3}},"30":{"start":{"line":76,"column":4},"end":{"line":78,"column":5}},"31":{"start":{"line":77,"column":6},"end":{"line":77,"column":118}},"32":{"start":{"line":80,"column":23},"end":{"line":92,"column":5}},"33":{"start":{"line":94,"column":17},"end":{"line":98,"column":5}},"34":{"start":{"line":100,"column":4},"end":{"line":102,"column":5}},"35":{"start":{"line":101,"column":6},"end":{"line":101,"column":66}},"36":{"start":{"line":104,"column":4},"end":{"line":104,"column":28}},"37":{"start":{"line":106,"column":4},"end":{"line":108,"column":5}},"38":{"start":{"line":107,"column":6},"end":{"line":107,"column":66}},"39":{"start":{"line":109,"column":4},"end":{"line":109,"column":60}},"40":{"start":{"line":114,"column":0},"end":{"line":140,"column":2}},"41":{"start":{"line":115,"column":2},"end":{"line":139,"column":3}},"42":{"start":{"line":117,"column":4},"end":{"line":119,"column":5}},"43":{"start":{"line":118,"column":6},"end":{"line":118,"column":119}},"44":{"start":{"line":121,"column":17},"end":{"line":121,"column":55}},"45":{"start":{"line":122,"column":4},"end":{"line":124,"column":5}},"46":{"start":{"line":123,"column":6},"end":{"line":123,"column":66}},"47":{"start":{"line":127,"column":4},"end":{"line":130,"column":6}},"48":{"start":{"line":132,"column":4},"end":{"line":132,"column":52}},"49":{"start":{"line":133,"column":4},"end":{"line":133,"column":64}},"50":{"start":{"line":135,"column":4},"end":{"line":137,"column":5}},"51":{"start":{"line":136,"column":6},"end":{"line":136,"column":66}},"52":{"start":{"line":138,"column":4},"end":{"line":138,"column":60}},"53":{"start":{"line":143,"column":0},"end":{"line":191,"column":2}},"54":{"start":{"line":144,"column":2},"end":{"line":190,"column":3}},"55":{"start":{"line":146,"column":4},"end":{"line":148,"column":5}},"56":{"start":{"line":147,"column":6},"end":{"line":147,"column":127}},"57":{"start":{"line":150,"column":32},"end":{"line":150,"column":44}},"58":{"start":{"line":152,"column":4},"end":{"line":154,"column":5}},"59":{"start":{"line":153,"column":6},"end":{"line":153,"column":85}},"60":{"start":{"line":156,"column":17},"end":{"line":156,"column":55}},"61":{"start":{"line":157,"column":4},"end":{"line":159,"column":5}},"62":{"start":{"line":158,"column":6},"end":{"line":158,"column":66}},"63":{"start":{"line":161,"column":17},"end":{"line":161,"column":44}},"64":{"start":{"line":162,"column":4},"end":{"line":164,"column":5}},"65":{"start":{"line":163,"column":6},"end":{"line":163,"column":73}},"66":{"start":{"line":167,"column":4},"end":{"line":169,"column":5}},"67":{"start":{"line":168,"column":6},"end":{"line":168,"column":94}},"68":{"start":{"line":172,"column":4},"end":{"line":172,"column":30}},"69":{"start":{"line":175,"column":4},"end":{"line":179,"column":5}},"70":{"start":{"line":176,"column":6},"end":{"line":176,"column":32}},"71":{"start":{"line":178,"column":6},"end":{"line":178,"column":30}},"72":{"start":{"line":182,"column":4},"end":{"line":182,"column":25}},"73":{"start":{"line":183,"column":4},"end":{"line":183,"column":30}},"74":{"start":{"line":185,"column":4},"end":{"line":185,"column":50}},"75":{"start":{"line":187,"column":4},"end":{"line":187,"column":83}},"76":{"start":{"line":189,"column":4},"end":{"line":189,"column":60}},"77":{"start":{"line":194,"column":0},"end":{"line":237,"column":2}},"78":{"start":{"line":195,"column":2},"end":{"line":236,"column":3}},"79":{"start":{"line":197,"column":4},"end":{"line":199,"column":5}},"80":{"start":{"line":198,"column":6},"end":{"line":198,"column":127}},"81":{"start":{"line":201,"column":23},"end":{"line":201,"column":35}},"82":{"start":{"line":203,"column":4},"end":{"line":205,"column":5}},"83":{"start":{"line":204,"column":6},"end":{"line":204,"column":85}},"84":{"start":{"line":207,"column":17},"end":{"line":207,"column":55}},"85":{"start":{"line":208,"column":4},"end":{"line":210,"column":5}},"86":{"start":{"line":209,"column":6},"end":{"line":209,"column":66}},"87":{"start":{"line":212,"column":17},"end":{"line":212,"column":44}},"88":{"start":{"line":213,"column":4},"end":{"line":215,"column":5}},"89":{"start":{"line":214,"column":6},"end":{"line":214,"column":73}},"90":{"start":{"line":218,"column":4},"end":{"line":220,"column":5}},"91":{"start":{"line":219,"column":6},"end":{"line":219,"column":96}},"92":{"start":{"line":223,"column":4},"end":{"line":223,"column":71}},"93":{"start":{"line":223,"column":45},"end":{"line":223,"column":69}},"94":{"start":{"line":224,"column":4},"end":{"line":224,"column":71}},"95":{"start":{"line":224,"column":45},"end":{"line":224,"column":69}},"96":{"start":{"line":227,"column":4},"end":{"line":227,"column":26}},"97":{"start":{"line":228,"column":4},"end":{"line":228,"column":23}},"98":{"start":{"line":229,"column":4},"end":{"line":229,"column":29}},"99":{"start":{"line":231,"column":4},"end":{"line":231,"column":50}},"100":{"start":{"line":233,"column":4},"end":{"line":233,"column":83}},"101":{"start":{"line":235,"column":4},"end":{"line":235,"column":60}}},"fnMap":{"0":{"name":"(anonymous_0)","decl":{"start":{"line":6,"column":21},"end":{"line":6,"column":22}},"loc":{"start":{"line":6,"column":47},"end":{"line":39,"column":1}},"line":6},"1":{"name":"(anonymous_1)","decl":{"start":{"line":42,"column":19},"end":{"line":42,"column":20}},"loc":{"start":{"line":42,"column":45},"end":{"line":49,"column":1}},"line":42},"2":{"name":"(anonymous_2)","decl":{"start":{"line":52,"column":22},"end":{"line":52,"column":23}},"loc":{"start":{"line":52,"column":48},"end":{"line":70,"column":1}},"line":52},"3":{"name":"(anonymous_3)","decl":{"start":{"line":73,"column":21},"end":{"line":73,"column":22}},"loc":{"start":{"line":73,"column":47},"end":{"line":111,"column":1}},"line":73},"4":{"name":"(anonymous_4)","decl":{"start":{"line":114,"column":21},"end":{"line":114,"column":22}},"loc":{"start":{"line":114,"column":47},"end":{"line":140,"column":1}},"line":114},"5":{"name":"(anonymous_5)","decl":{"start":{"line":143,"column":24},"end":{"line":143,"column":25}},"loc":{"start":{"line":143,"column":50},"end":{"line":191,"column":1}},"line":143},"6":{"name":"(anonymous_6)","decl":{"start":{"line":194,"column":29},"end":{"line":194,"column":30}},"loc":{"start":{"line":194,"column":55},"end":{"line":237,"column":1}},"line":194},"7":{"name":"(anonymous_7)","decl":{"start":{"line":223,"column":39},"end":{"line":223,"column":40}},"loc":{"start":{"line":223,"column":45},"end":{"line":223,"column":69}},"line":223},"8":{"name":"(anonymous_8)","decl":{"start":{"line":224,"column":39},"end":{"line":224,"column":40}},"loc":{"start":{"line":224,"column":45},"end":{"line":224,"column":69}},"line":224}},"branchMap":{"0":{"loc":{"start":{"line":9,"column":4},"end":{"line":11,"column":5}},"type":"if","locations":[{"start":{"line":9,"column":4},"end":{"line":11,"column":5}},{"start":{},"end":{}}],"line":9},"1":{"loc":{"start":{"line":15,"column":4},"end":{"line":17,"column":5}},"type":"if","locations":[{"start":{"line":15,"column":4},"end":{"line":17,"column":5}},{"start":{},"end":{}}],"line":15},"2":{"loc":{"start":{"line":59,"column":4},"end":{"line":61,"column":5}},"type":"if","locations":[{"start":{"line":59,"column":4},"end":{"line":61,"column":5}},{"start":{},"end":{}}],"line":59},"3":{"loc":{"start":{"line":65,"column":4},"end":{"line":67,"column":5}},"type":"if","locations":[{"start":{"line":65,"column":4},"end":{"line":67,"column":5}},{"start":{},"end":{}}],"line":65},"4":{"loc":{"start":{"line":76,"column":4},"end":{"line":78,"column":5}},"type":"if","locations":[{"start":{"line":76,"column":4},"end":{"line":78,"column":5}},{"start":{},"end":{}}],"line":76},"5":{"loc":{"start":{"line":100,"column":4},"end":{"line":102,"column":5}},"type":"if","locations":[{"start":{"line":100,"column":4},"end":{"line":102,"column":5}},{"start":{},"end":{}}],"line":100},"6":{"loc":{"start":{"line":106,"column":4},"end":{"line":108,"column":5}},"type":"if","locations":[{"start":{"line":106,"column":4},"end":{"line":108,"column":5}},{"start":{},"end":{}}],"line":106},"7":{"loc":{"start":{"line":117,"column":4},"end":{"line":119,"column":5}},"type":"if","locations":[{"start":{"line":117,"column":4},"end":{"line":119,"column":5}},{"start":{},"end":{}}],"line":117},"8":{"loc":{"start":{"line":122,"column":4},"end":{"line":124,"column":5}},"type":"if","locations":[{"start":{"line":122,"column":4},"end":{"line":124,"column":5}},{"start":{},"end":{}}],"line":122},"9":{"loc":{"start":{"line":135,"column":4},"end":{"line":137,"column":5}},"type":"if","locations":[{"start":{"line":135,"column":4},"end":{"line":137,"column":5}},{"start":{},"end":{}}],"line":135},"10":{"loc":{"start":{"line":146,"column":4},"end":{"line":148,"column":5}},"type":"if","locations":[{"start":{"line":146,"column":4},"end":{"line":148,"column":5}},{"start":{},"end":{}}],"line":146},"11":{"loc":{"start":{"line":152,"column":4},"end":{"line":154,"column":5}},"type":"if","locations":[{"start":{"line":152,"column":4},"end":{"line":154,"column":5}},{"start":{},"end":{}}],"line":152},"12":{"loc":{"start":{"line":152,"column":8},"end":{"line":152,"column":103}},"type":"binary-expr","locations":[{"start":{"line":152,"column":8},"end":{"line":152,"column":48}},{"start":{"line":152,"column":52},"end":{"line":152,"column":103}}],"line":152},"13":{"loc":{"start":{"line":157,"column":4},"end":{"line":159,"column":5}},"type":"if","locations":[{"start":{"line":157,"column":4},"end":{"line":159,"column":5}},{"start":{},"end":{}}],"line":157},"14":{"loc":{"start":{"line":162,"column":4},"end":{"line":164,"column":5}},"type":"if","locations":[{"start":{"line":162,"column":4},"end":{"line":164,"column":5}},{"start":{},"end":{}}],"line":162},"15":{"loc":{"start":{"line":167,"column":4},"end":{"line":169,"column":5}},"type":"if","locations":[{"start":{"line":167,"column":4},"end":{"line":169,"column":5}},{"start":{},"end":{}}],"line":167},"16":{"loc":{"start":{"line":175,"column":4},"end":{"line":179,"column":5}},"type":"if","locations":[{"start":{"line":175,"column":4},"end":{"line":179,"column":5}},{"start":{},"end":{}}],"line":175},"17":{"loc":{"start":{"line":197,"column":4},"end":{"line":199,"column":5}},"type":"if","locations":[{"start":{"line":197,"column":4},"end":{"line":199,"column":5}},{"start":{},"end":{}}],"line":197},"18":{"loc":{"start":{"line":203,"column":4},"end":{"line":205,"column":5}},"type":"if","locations":[{"start":{"line":203,"column":4},"end":{"line":205,"column":5}},{"start":{},"end":{}}],"line":203},"19":{"loc":{"start":{"line":203,"column":8},"end":{"line":203,"column":103}},"type":"binary-expr","locations":[{"start":{"line":203,"column":8},"end":{"line":203,"column":48}},{"start":{"line":203,"column":52},"end":{"line":203,"column":103}}],"line":203},"20":{"loc":{"start":{"line":208,"column":4},"end":{"line":210,"column":5}},"type":"if","locations":[{"start":{"line":208,"column":4},"end":{"line":210,"column":5}},{"start":{},"end":{}}],"line":208},"21":{"loc":{"start":{"line":213,"column":4},"end":{"line":215,"column":5}},"type":"if","locations":[{"start":{"line":213,"column":4},"end":{"line":215,"column":5}},{"start":{},"end":{}}],"line":213},"22":{"loc":{"start":{"line":218,"column":4},"end":{"line":220,"column":5}},"type":"if","locations":[{"start":{"line":218,"column":4},"end":{"line":220,"column":5}},{"start":{},"end":{}}],"line":218}},"s":{"0":2,"1":2,"2":2,"3":2,"4":0,"5":0,"6":0,"7":0,"8":0,"9":0,"10":0,"11":0,"12":0,"13":0,"14":2,"15":0,"16":0,"17":0,"18":0,"19":2,"20":0,"21":0,"22":0,"23":0,"24":0,"25":0,"26":0,"27":0,"28":2,"29":0,"30":0,"31":0,"32":0,"33":0,"34":0,"35":0,"36":0,"37":0,"38":0,"39":0,"40":2,"41":0,"42":0,"43":0,"44":0,"45":0,"46":0,"47":0,"48":0,"49":0,"50":0,"51":0,"52":0,"53":2,"54":0,"55":0,"56":0,"57":0,"58":0,"59":0,"60":0,"61":0,"62":0,"63":0,"64":0,"65":0,"66":0,"67":0,"68":0,"69":0,"70":0,"71":0,"72":0,"73":0,"74":0,"75":0,"76":0,"77":2,"78":0,"79":0,"80":0,"81":0,"82":0,"83":0,"84":0,"85":0,"86":0,"87":0,"88":0,"89":0,"90":0,"91":0,"92":0,"93":0,"94":0,"95":0,"96":0,"97":0,"98":0,"99":0,"100":0,"101":0},"f":{"0":0,"1":0,"2":0,"3":0,"4":0,"5":0,"6":0,"7":0,"8":0},"b":{"0":[0,0],"1":[0,0],"2":[0,0],"3":[0,0],"4":[0,0],"5":[0,0],"6":[0,0],"7":[0,0],"8":[0,0],"9":[0,0],"10":[0,0],"11":[0,0],"12":[0,0],"13":[0,0],"14":[0,0],"15":[0,0],"16":[0,0],"17":[0,0],"18":[0,0],"19":[0,0],"20":[0,0],"21":[0,0],"22":[0,0]},"_coverageSchema":"1a1c01bbd47fc00a2c39e90264f33305004495a9","hash":"15211cc8394f02b6a7325a935b535b42aad2a764"}
,"/Users/sullivanassie/dev/kempoPerso/NipponKempoPerso/backend/controllers/competitorController.js": {"path":"/Users/sullivanassie/dev/kempoPerso/NipponKempoPerso/backend/controllers/competitorController.js","statementMap":{"0":{"start":{"line":2,"column":19},"end":{"line":2,"column":50}},"1":{"start":{"line":3,"column":19},"end":{"line":3,"column":50}},"2":{"start":{"line":4,"column":17},"end":{"line":4,"column":46}},"3":{"start":{"line":5,"column":20},"end":{"line":5,"column":51}},"4":{"start":{"line":10,"column":0},"end":{"line":38,"column":2}},"5":{"start":{"line":11,"column":2},"end":{"line":37,"column":3}},"6":{"start":{"line":12,"column":16},"end":{"line":12,"column":18}},"7":{"start":{"line":15,"column":4},"end":{"line":17,"column":5}},"8":{"start":{"line":16,"column":6},"end":{"line":16,"column":54}},"9":{"start":{"line":20,"column":4},"end":{"line":22,"column":5}},"10":{"start":{"line":21,"column":6},"end":{"line":21,"column":42}},"11":{"start":{"line":25,"column":4},"end":{"line":28,"column":5}},"12":{"start":{"line":26,"column":19},"end":{"line":26,"column":55}},"13":{"start":{"line":27,"column":6},"end":{"line":27,"column":38}},"14":{"start":{"line":31,"column":24},"end":{"line":31,"column":52}},"15":{"start":{"line":33,"column":4},"end":{"line":33,"column":23}},"16":{"start":{"line":35,"column":4},"end":{"line":35,"column":29}},"17":{"start":{"line":36,"column":4},"end":{"line":36,"column":83}},"18":{"start":{"line":43,"column":0},"end":{"line":56,"column":2}},"19":{"start":{"line":44,"column":2},"end":{"line":55,"column":3}},"20":{"start":{"line":45,"column":23},"end":{"line":45,"column":67}},"21":{"start":{"line":47,"column":4},"end":{"line":49,"column":5}},"22":{"start":{"line":48,"column":6},"end":{"line":48,"column":125}},"23":{"start":{"line":51,"column":4},"end":{"line":51,"column":22}},"24":{"start":{"line":53,"column":4},"end":{"line":53,"column":29}},"25":{"start":{"line":54,"column":4},"end":{"line":54,"column":83}},"26":{"start":{"line":61,"column":0},"end":{"line":71,"column":2}},"27":{"start":{"line":62,"column":2},"end":{"line":70,"column":3}},"28":{"start":{"line":63,"column":23},"end":{"line":63,"column":51}},"29":{"start":{"line":64,"column":4},"end":{"line":64,"column":28}},"30":{"start":{"line":66,"column":4},"end":{"line":66,"column":44}},"31":{"start":{"line":68,"column":4},"end":{"line":68,"column":29}},"32":{"start":{"line":69,"column":4},"end":{"line":69,"column":83}},"33":{"start":{"line":76,"column":0},"end":{"line":96,"column":2}},"34":{"start":{"line":77,"column":2},"end":{"line":95,"column":3}},"35":{"start":{"line":78,"column":19},"end":{"line":78,"column":33}},"36":{"start":{"line":79,"column":20},"end":{"line":79,"column":32}},"37":{"start":{"line":81,"column":23},"end":{"line":85,"column":5}},"38":{"start":{"line":87,"column":4},"end":{"line":89,"column":5}},"39":{"start":{"line":88,"column":6},"end":{"line":88,"column":110}},"40":{"start":{"line":91,"column":4},"end":{"line":91,"column":22}},"41":{"start":{"line":93,"column":4},"end":{"line":93,"column":29}},"42":{"start":{"line":94,"column":4},"end":{"line":94,"column":83}},"43":{"start":{"line":101,"column":0},"end":{"line":116,"column":2}},"44":{"start":{"line":102,"column":2},"end":{"line":115,"column":3}},"45":{"start":{"line":103,"column":19},"end":{"line":103,"column":33}},"46":{"start":{"line":105,"column":23},"end":{"line":105,"column":61}},"47":{"start":{"line":107,"column":4},"end":{"line":109,"column":5}},"48":{"start":{"line":108,"column":6},"end":{"line":108,"column":110}},"49":{"start":{"line":111,"column":4},"end":{"line":111,"column":74}},"50":{"start":{"line":113,"column":4},"end":{"line":113,"column":29}},"51":{"start":{"line":114,"column":4},"end":{"line":114,"column":83}},"52":{"start":{"line":121,"column":0},"end":{"line":143,"column":2}},"53":{"start":{"line":122,"column":2},"end":{"line":142,"column":3}},"54":{"start":{"line":124,"column":35},"end":{"line":124,"column":47}},"55":{"start":{"line":127,"column":21},"end":{"line":127,"column":23}},"56":{"start":{"line":128,"column":4},"end":{"line":130,"column":5}},"57":{"start":{"line":129,"column":6},"end":{"line":129,"column":79}},"58":{"start":{"line":133,"column":31},"end":{"line":133,"column":90}},"59":{"start":{"line":135,"column":4},"end":{"line":138,"column":6}},"60":{"start":{"line":140,"column":4},"end":{"line":140,"column":29}},"61":{"start":{"line":141,"column":4},"end":{"line":141,"column":83}},"62":{"start":{"line":148,"column":0},"end":{"line":207,"column":2}},"63":{"start":{"line":149,"column":2},"end":{"line":206,"column":3}},"64":{"start":{"line":150,"column":33},"end":{"line":150,"column":47}},"65":{"start":{"line":151,"column":27},"end":{"line":151,"column":39}},"66":{"start":{"line":154,"column":23},"end":{"line":154,"column":52}},"67":{"start":{"line":155,"column":4},"end":{"line":157,"column":5}},"68":{"start":{"line":156,"column":6},"end":{"line":156,"column":110}},"69":{"start":{"line":160,"column":23},"end":{"line":160,"column":62}},"70":{"start":{"line":161,"column":4},"end":{"line":163,"column":5}},"71":{"start":{"line":162,"column":6},"end":{"line":162,"column":116}},"72":{"start":{"line":166,"column":21},"end":{"line":166,"column":56}},"73":{"start":{"line":167,"column":4},"end":{"line":169,"column":5}},"74":{"start":{"line":168,"column":6},"end":{"line":168,"column":105}},"75":{"start":{"line":172,"column":30},"end":{"line":174,"column":5}},"76":{"start":{"line":173,"column":11},"end":{"line":173,"column":91}},"77":{"start":{"line":176,"column":4},"end":{"line":181,"column":5}},"78":{"start":{"line":177,"column":6},"end":{"line":180,"column":9}},"79":{"start":{"line":184,"column":4},"end":{"line":193,"column":7}},"80":{"start":{"line":196,"column":4},"end":{"line":198,"column":5}},"81":{"start":{"line":197,"column":6},"end":{"line":197,"column":45}},"82":{"start":{"line":200,"column":4},"end":{"line":200,"column":28}},"83":{"start":{"line":202,"column":4},"end":{"line":202,"column":63}},"84":{"start":{"line":204,"column":4},"end":{"line":204,"column":29}},"85":{"start":{"line":205,"column":4},"end":{"line":205,"column":83}},"86":{"start":{"line":212,"column":0},"end":{"line":244,"column":2}},"87":{"start":{"line":213,"column":2},"end":{"line":243,"column":3}},"88":{"start":{"line":214,"column":33},"end":{"line":214,"column":47}},"89":{"start":{"line":215,"column":27},"end":{"line":215,"column":39}},"90":{"start":{"line":218,"column":23},"end":{"line":218,"column":52}},"91":{"start":{"line":219,"column":4},"end":{"line":221,"column":5}},"92":{"start":{"line":220,"column":6},"end":{"line":220,"column":110}},"93":{"start":{"line":224,"column":26},"end":{"line":224,"column":55}},"94":{"start":{"line":225,"column":4},"end":{"line":227,"column":6}},"95":{"start":{"line":226,"column":11},"end":{"line":226,"column":94}},"96":{"start":{"line":230,"column":4},"end":{"line":235,"column":5}},"97":{"start":{"line":231,"column":6},"end":{"line":234,"column":9}},"98":{"start":{"line":237,"column":4},"end":{"line":237,"column":28}},"99":{"start":{"line":239,"column":4},"end":{"line":239,"column":105}},"100":{"start":{"line":241,"column":4},"end":{"line":241,"column":29}},"101":{"start":{"line":242,"column":4},"end":{"line":242,"column":83}},"102":{"start":{"line":249,"column":0},"end":{"line":293,"column":2}},"103":{"start":{"line":250,"column":2},"end":{"line":292,"column":3}},"104":{"start":{"line":251,"column":33},"end":{"line":251,"column":47}},"105":{"start":{"line":252,"column":66},"end":{"line":252,"column":78}},"106":{"start":{"line":255,"column":23},"end":{"line":255,"column":52}},"107":{"start":{"line":256,"column":4},"end":{"line":258,"column":5}},"108":{"start":{"line":257,"column":6},"end":{"line":257,"column":110}},"109":{"start":{"line":261,"column":28},"end":{"line":263,"column":5}},"110":{"start":{"line":262,"column":11},"end":{"line":262,"column":91}},"111":{"start":{"line":265,"column":4},"end":{"line":270,"column":5}},"112":{"start":{"line":266,"column":6},"end":{"line":269,"column":9}},"113":{"start":{"line":273,"column":28},"end":{"line":273,"column":67}},"114":{"start":{"line":275,"column":4},"end":{"line":275,"column":70}},"115":{"start":{"line":275,"column":30},"end":{"line":275,"column":70}},"116":{"start":{"line":276,"column":4},"end":{"line":276,"column":70}},"117":{"start":{"line":276,"column":30},"end":{"line":276,"column":70}},"118":{"start":{"line":277,"column":4},"end":{"line":277,"column":64}},"119":{"start":{"line":277,"column":28},"end":{"line":277,"column":64}},"120":{"start":{"line":278,"column":4},"end":{"line":278,"column":70}},"121":{"start":{"line":278,"column":30},"end":{"line":278,"column":70}},"122":{"start":{"line":281,"column":4},"end":{"line":283,"column":5}},"123":{"start":{"line":282,"column":6},"end":{"line":282,"column":48}},"124":{"start":{"line":285,"column":4},"end":{"line":285,"column":62}},"125":{"start":{"line":286,"column":4},"end":{"line":286,"column":28}},"126":{"start":{"line":288,"column":4},"end":{"line":288,"column":63}},"127":{"start":{"line":290,"column":4},"end":{"line":290,"column":29}},"128":{"start":{"line":291,"column":4},"end":{"line":291,"column":83}},"129":{"start":{"line":298,"column":0},"end":{"line":317,"column":2}},"130":{"start":{"line":299,"column":2},"end":{"line":316,"column":3}},"131":{"start":{"line":300,"column":41},"end":{"line":300,"column":55}},"132":{"start":{"line":303,"column":24},"end":{"line":310,"column":6}},"133":{"start":{"line":312,"column":4},"end":{"line":312,"column":23}},"134":{"start":{"line":314,"column":4},"end":{"line":314,"column":29}},"135":{"start":{"line":315,"column":4},"end":{"line":315,"column":83}},"136":{"start":{"line":322,"column":0},"end":{"line":369,"column":2}},"137":{"start":{"line":323,"column":2},"end":{"line":368,"column":3}},"138":{"start":{"line":324,"column":41},"end":{"line":324,"column":55}},"139":{"start":{"line":327,"column":24},"end":{"line":334,"column":47}},"140":{"start":{"line":337,"column":20},"end":{"line":362,"column":8}},"141":{"start":{"line":339,"column":32},"end":{"line":341,"column":9}},"142":{"start":{"line":340,"column":15},"end":{"line":340,"column":95}},"143":{"start":{"line":343,"column":8},"end":{"line":343,"column":42}},"144":{"start":{"line":343,"column":30},"end":{"line":343,"column":42}},"145":{"start":{"line":345,"column":8},"end":{"line":352,"column":10}},"146":{"start":{"line":354,"column":23},"end":{"line":354,"column":37}},"147":{"start":{"line":357,"column":8},"end":{"line":357,"column":53}},"148":{"start":{"line":357,"column":30},"end":{"line":357,"column":53}},"149":{"start":{"line":359,"column":8},"end":{"line":359,"column":62}},"150":{"start":{"line":359,"column":35},"end":{"line":359,"column":62}},"151":{"start":{"line":361,"column":8},"end":{"line":361,"column":35}},"152":{"start":{"line":364,"column":4},"end":{"line":364,"column":19}},"153":{"start":{"line":366,"column":4},"end":{"line":366,"column":29}},"154":{"start":{"line":367,"column":4},"end":{"line":367,"column":83}},"155":{"start":{"line":374,"column":0},"end":{"line":448,"column":2}},"156":{"start":{"line":375,"column":2},"end":{"line":447,"column":3}},"157":{"start":{"line":376,"column":33},"end":{"line":376,"column":47}},"158":{"start":{"line":377,"column":63},"end":{"line":377,"column":75}},"159":{"start":{"line":379,"column":23},"end":{"line":379,"column":52}},"160":{"start":{"line":381,"column":4},"end":{"line":383,"column":5}},"161":{"start":{"line":382,"column":6},"end":{"line":382,"column":110}},"162":{"start":{"line":386,"column":23},"end":{"line":386,"column":62}},"163":{"start":{"line":387,"column":4},"end":{"line":389,"column":5}},"164":{"start":{"line":388,"column":6},"end":{"line":388,"column":116}},"165":{"start":{"line":392,"column":28},"end":{"line":394,"column":5}},"166":{"start":{"line":393,"column":11},"end":{"line":393,"column":91}},"167":{"start":{"line":396,"column":4},"end":{"line":438,"column":5}},"168":{"start":{"line":398,"column":6},"end":{"line":408,"column":9}},"169":{"start":{"line":411,"column":6},"end":{"line":411,"column":128}},"170":{"start":{"line":412,"column":6},"end":{"line":412,"column":128}},"171":{"start":{"line":413,"column":6},"end":{"line":413,"column":142}},"172":{"start":{"line":416,"column":6},"end":{"line":432,"column":7}},"173":{"start":{"line":418,"column":8},"end":{"line":431,"column":11}},"174":{"start":{"line":419,"column":37},"end":{"line":421,"column":11}},"175":{"start":{"line":420,"column":17},"end":{"line":420,"column":63}},"176":{"start":{"line":423,"column":10},"end":{"line":430,"column":11}},"177":{"start":{"line":424,"column":12},"end":{"line":427,"column":14}},"178":{"start":{"line":429,"column":12},"end":{"line":429,"column":86}},"179":{"start":{"line":435,"column":6},"end":{"line":437,"column":7}},"180":{"start":{"line":436,"column":8},"end":{"line":436,"column":85}},"181":{"start":{"line":440,"column":4},"end":{"line":440,"column":38}},"182":{"start":{"line":441,"column":4},"end":{"line":441,"column":28}},"183":{"start":{"line":443,"column":4},"end":{"line":443,"column":22}},"184":{"start":{"line":445,"column":4},"end":{"line":445,"column":29}},"185":{"start":{"line":446,"column":4},"end":{"line":446,"column":83}},"186":{"start":{"line":453,"column":0},"end":{"line":471,"column":2}},"187":{"start":{"line":454,"column":2},"end":{"line":470,"column":3}},"188":{"start":{"line":455,"column":19},"end":{"line":455,"column":33}},"189":{"start":{"line":457,"column":23},"end":{"line":460,"column":77}},"190":{"start":{"line":462,"column":4},"end":{"line":464,"column":5}},"191":{"start":{"line":463,"column":6},"end":{"line":463,"column":110}},"192":{"start":{"line":466,"column":4},"end":{"line":466,"column":34}},"193":{"start":{"line":468,"column":4},"end":{"line":468,"column":29}},"194":{"start":{"line":469,"column":4},"end":{"line":469,"column":83}},"195":{"start":{"line":476,"column":0},"end":{"line":505,"column":2}},"196":{"start":{"line":477,"column":2},"end":{"line":504,"column":3}},"197":{"start":{"line":478,"column":33},"end":{"line":478,"column":47}},"198":{"start":{"line":480,"column":23},"end":{"line":483,"column":77}},"199":{"start":{"line":485,"column":4},"end":{"line":487,"column":5}},"200":{"start":{"line":486,"column":6},"end":{"line":486,"column":110}},"201":{"start":{"line":489,"column":30},"end":{"line":491,"column":5}},"202":{"start":{"line":490,"column":11},"end":{"line":490,"column":55}},"203":{"start":{"line":493,"column":4},"end":{"line":498,"column":5}},"204":{"start":{"line":494,"column":6},"end":{"line":497,"column":9}},"205":{"start":{"line":500,"column":4},"end":{"line":500,"column":29}},"206":{"start":{"line":502,"column":4},"end":{"line":502,"column":29}},"207":{"start":{"line":503,"column":4},"end":{"line":503,"column":83}},"208":{"start":{"line":510,"column":0},"end":{"line":541,"column":2}},"209":{"start":{"line":511,"column":2},"end":{"line":540,"column":3}},"210":{"start":{"line":512,"column":33},"end":{"line":512,"column":47}},"211":{"start":{"line":513,"column":35},"end":{"line":513,"column":47}},"212":{"start":{"line":515,"column":23},"end":{"line":515,"column":52}},"213":{"start":{"line":517,"column":4},"end":{"line":519,"column":5}},"214":{"start":{"line":518,"column":6},"end":{"line":518,"column":110}},"215":{"start":{"line":521,"column":28},"end":{"line":523,"column":5}},"216":{"start":{"line":522,"column":11},"end":{"line":522,"column":91}},"217":{"start":{"line":525,"column":4},"end":{"line":530,"column":5}},"218":{"start":{"line":526,"column":6},"end":{"line":529,"column":9}},"219":{"start":{"line":532,"column":4},"end":{"line":532,"column":68}},"220":{"start":{"line":533,"column":4},"end":{"line":533,"column":38}},"221":{"start":{"line":534,"column":4},"end":{"line":534,"column":28}},"222":{"start":{"line":536,"column":4},"end":{"line":536,"column":22}},"223":{"start":{"line":538,"column":4},"end":{"line":538,"column":29}},"224":{"start":{"line":539,"column":4},"end":{"line":539,"column":83}},"225":{"start":{"line":546,"column":0},"end":{"line":672,"column":2}},"226":{"start":{"line":547,"column":2},"end":{"line":671,"column":3}},"227":{"start":{"line":548,"column":31},"end":{"line":548,"column":45}},"228":{"start":{"line":549,"column":65},"end":{"line":549,"column":77}},"229":{"start":{"line":552,"column":35},"end":{"line":555,"column":6}},"230":{"start":{"line":557,"column":4},"end":{"line":559,"column":5}},"231":{"start":{"line":558,"column":6},"end":{"line":558,"column":110}},"232":{"start":{"line":561,"column":4},"end":{"line":563,"column":5}},"233":{"start":{"line":562,"column":6},"end":{"line":562,"column":117}},"234":{"start":{"line":566,"column":29},"end":{"line":568,"column":5}},"235":{"start":{"line":567,"column":11},"end":{"line":567,"column":91}},"236":{"start":{"line":570,"column":4},"end":{"line":575,"column":5}},"237":{"start":{"line":571,"column":6},"end":{"line":574,"column":9}},"238":{"start":{"line":578,"column":24},"end":{"line":580,"column":5}},"239":{"start":{"line":579,"column":11},"end":{"line":579,"column":47}},"240":{"start":{"line":582,"column":4},"end":{"line":595,"column":5}},"241":{"start":{"line":584,"column":6},"end":{"line":584,"column":92}},"242":{"start":{"line":585,"column":6},"end":{"line":585,"column":97}},"243":{"start":{"line":586,"column":6},"end":{"line":586,"column":97}},"244":{"start":{"line":589,"column":6},"end":{"line":594,"column":9}},"245":{"start":{"line":598,"column":22},"end":{"line":598,"column":23}},"246":{"start":{"line":599,"column":22},"end":{"line":599,"column":23}},"247":{"start":{"line":601,"column":4},"end":{"line":604,"column":7}},"248":{"start":{"line":602,"column":6},"end":{"line":602,"column":39}},"249":{"start":{"line":603,"column":6},"end":{"line":603,"column":39}},"250":{"start":{"line":606,"column":4},"end":{"line":606,"column":74}},"251":{"start":{"line":607,"column":4},"end":{"line":607,"column":74}},"252":{"start":{"line":610,"column":29},"end":{"line":612,"column":5}},"253":{"start":{"line":611,"column":11},"end":{"line":611,"column":91}},"254":{"start":{"line":614,"column":4},"end":{"line":656,"column":5}},"255":{"start":{"line":615,"column":26},"end":{"line":617,"column":7}},"256":{"start":{"line":616,"column":13},"end":{"line":616,"column":41}},"257":{"start":{"line":621,"column":6},"end":{"line":623,"column":34}},"258":{"start":{"line":621,"column":28},"end":{"line":621,"column":51}},"259":{"start":{"line":622,"column":11},"end":{"line":623,"column":34}},"260":{"start":{"line":622,"column":34},"end":{"line":622,"column":56}},"261":{"start":{"line":623,"column":11},"end":{"line":623,"column":34}},"262":{"start":{"line":625,"column":6},"end":{"line":643,"column":7}},"263":{"start":{"line":627,"column":8},"end":{"line":627,"column":99}},"264":{"start":{"line":629,"column":8},"end":{"line":631,"column":9}},"265":{"start":{"line":630,"column":10},"end":{"line":630,"column":115}},"266":{"start":{"line":632,"column":8},"end":{"line":634,"column":9}},"267":{"start":{"line":633,"column":10},"end":{"line":633,"column":115}},"268":{"start":{"line":637,"column":8},"end":{"line":642,"column":11}},"269":{"start":{"line":646,"column":27},"end":{"line":646,"column":28}},"270":{"start":{"line":647,"column":27},"end":{"line":647,"column":28}},"271":{"start":{"line":649,"column":6},"end":{"line":652,"column":9}},"272":{"start":{"line":650,"column":8},"end":{"line":650,"column":44}},"273":{"start":{"line":651,"column":8},"end":{"line":651,"column":44}},"274":{"start":{"line":654,"column":6},"end":{"line":654,"column":77}},"275":{"start":{"line":655,"column":6},"end":{"line":655,"column":77}},"276":{"start":{"line":659,"column":4},"end":{"line":659,"column":38}},"277":{"start":{"line":660,"column":4},"end":{"line":660,"column":36}},"278":{"start":{"line":662,"column":4},"end":{"line":665,"column":7}},"279":{"start":{"line":667,"column":4},"end":{"line":667,"column":82}},"280":{"start":{"line":669,"column":4},"end":{"line":669,"column":29}},"281":{"start":{"line":670,"column":4},"end":{"line":670,"column":83}},"282":{"start":{"line":677,"column":0},"end":{"line":715,"column":2}},"283":{"start":{"line":678,"column":2},"end":{"line":714,"column":3}},"284":{"start":{"line":679,"column":23},"end":{"line":679,"column":37}},"285":{"start":{"line":682,"column":23},"end":{"line":690,"column":8}},"286":{"start":{"line":692,"column":4},"end":{"line":695,"column":5}},"287":{"start":{"line":694,"column":6},"end":{"line":694,"column":16}},"288":{"start":{"line":698,"column":30},"end":{"line":708,"column":6}},"289":{"start":{"line":699,"column":6},"end":{"line":707,"column":8}},"290":{"start":{"line":710,"column":4},"end":{"line":710,"column":29}},"291":{"start":{"line":712,"column":4},"end":{"line":712,"column":29}},"292":{"start":{"line":713,"column":4},"end":{"line":713,"column":83}}},"fnMap":{"0":{"name":"(anonymous_0)","decl":{"start":{"line":10,"column":25},"end":{"line":10,"column":26}},"loc":{"start":{"line":10,"column":51},"end":{"line":38,"column":1}},"line":10},"1":{"name":"(anonymous_1)","decl":{"start":{"line":43,"column":24},"end":{"line":43,"column":25}},"loc":{"start":{"line":43,"column":50},"end":{"line":56,"column":1}},"line":43},"2":{"name":"(anonymous_2)","decl":{"start":{"line":61,"column":27},"end":{"line":61,"column":28}},"loc":{"start":{"line":61,"column":53},"end":{"line":71,"column":1}},"line":61},"3":{"name":"(anonymous_3)","decl":{"start":{"line":76,"column":27},"end":{"line":76,"column":28}},"loc":{"start":{"line":76,"column":53},"end":{"line":96,"column":1}},"line":76},"4":{"name":"(anonymous_4)","decl":{"start":{"line":101,"column":27},"end":{"line":101,"column":28}},"loc":{"start":{"line":101,"column":53},"end":{"line":116,"column":1}},"line":101},"5":{"name":"(anonymous_5)","decl":{"start":{"line":121,"column":26},"end":{"line":121,"column":27}},"loc":{"start":{"line":121,"column":52},"end":{"line":143,"column":1}},"line":121},"6":{"name":"(anonymous_6)","decl":{"start":{"line":148,"column":36},"end":{"line":148,"column":37}},"loc":{"start":{"line":148,"column":62},"end":{"line":207,"column":1}},"line":148},"7":{"name":"(anonymous_7)","decl":{"start":{"line":173,"column":6},"end":{"line":173,"column":7}},"loc":{"start":{"line":173,"column":11},"end":{"line":173,"column":91}},"line":173},"8":{"name":"(anonymous_8)","decl":{"start":{"line":212,"column":41},"end":{"line":212,"column":42}},"loc":{"start":{"line":212,"column":67},"end":{"line":244,"column":1}},"line":212},"9":{"name":"(anonymous_9)","decl":{"start":{"line":226,"column":6},"end":{"line":226,"column":7}},"loc":{"start":{"line":226,"column":11},"end":{"line":226,"column":94}},"line":226},"10":{"name":"(anonymous_10)","decl":{"start":{"line":249,"column":34},"end":{"line":249,"column":35}},"loc":{"start":{"line":249,"column":60},"end":{"line":293,"column":1}},"line":249},"11":{"name":"(anonymous_11)","decl":{"start":{"line":262,"column":6},"end":{"line":262,"column":7}},"loc":{"start":{"line":262,"column":11},"end":{"line":262,"column":91}},"line":262},"12":{"name":"(anonymous_12)","decl":{"start":{"line":298,"column":48},"end":{"line":298,"column":49}},"loc":{"start":{"line":298,"column":74},"end":{"line":317,"column":1}},"line":298},"13":{"name":"(anonymous_13)","decl":{"start":{"line":322,"column":31},"end":{"line":322,"column":32}},"loc":{"start":{"line":322,"column":57},"end":{"line":369,"column":1}},"line":322},"14":{"name":"(anonymous_14)","decl":{"start":{"line":338,"column":11},"end":{"line":338,"column":12}},"loc":{"start":{"line":338,"column":25},"end":{"line":353,"column":7}},"line":338},"15":{"name":"(anonymous_15)","decl":{"start":{"line":340,"column":10},"end":{"line":340,"column":11}},"loc":{"start":{"line":340,"column":15},"end":{"line":340,"column":95}},"line":340},"16":{"name":"(anonymous_16)","decl":{"start":{"line":354,"column":14},"end":{"line":354,"column":15}},"loc":{"start":{"line":354,"column":23},"end":{"line":354,"column":37}},"line":354},"17":{"name":"(anonymous_17)","decl":{"start":{"line":355,"column":12},"end":{"line":355,"column":13}},"loc":{"start":{"line":355,"column":22},"end":{"line":362,"column":7}},"line":355},"18":{"name":"(anonymous_18)","decl":{"start":{"line":374,"column":31},"end":{"line":374,"column":32}},"loc":{"start":{"line":374,"column":57},"end":{"line":448,"column":1}},"line":374},"19":{"name":"(anonymous_19)","decl":{"start":{"line":393,"column":6},"end":{"line":393,"column":7}},"loc":{"start":{"line":393,"column":11},"end":{"line":393,"column":91}},"line":393},"20":{"name":"(anonymous_20)","decl":{"start":{"line":418,"column":29},"end":{"line":418,"column":30}},"loc":{"start":{"line":418,"column":44},"end":{"line":431,"column":9}},"line":418},"21":{"name":"(anonymous_21)","decl":{"start":{"line":420,"column":12},"end":{"line":420,"column":13}},"loc":{"start":{"line":420,"column":17},"end":{"line":420,"column":63}},"line":420},"22":{"name":"(anonymous_22)","decl":{"start":{"line":453,"column":31},"end":{"line":453,"column":32}},"loc":{"start":{"line":453,"column":57},"end":{"line":471,"column":1}},"line":453},"23":{"name":"(anonymous_23)","decl":{"start":{"line":476,"column":41},"end":{"line":476,"column":42}},"loc":{"start":{"line":476,"column":67},"end":{"line":505,"column":1}},"line":476},"24":{"name":"(anonymous_24)","decl":{"start":{"line":490,"column":6},"end":{"line":490,"column":7}},"loc":{"start":{"line":490,"column":11},"end":{"line":490,"column":55}},"line":490},"25":{"name":"(anonymous_25)","decl":{"start":{"line":510,"column":43},"end":{"line":510,"column":44}},"loc":{"start":{"line":510,"column":69},"end":{"line":541,"column":1}},"line":510},"26":{"name":"(anonymous_26)","decl":{"start":{"line":522,"column":6},"end":{"line":522,"column":7}},"loc":{"start":{"line":522,"column":11},"end":{"line":522,"column":91}},"line":522},"27":{"name":"(anonymous_27)","decl":{"start":{"line":546,"column":28},"end":{"line":546,"column":29}},"loc":{"start":{"line":546,"column":54},"end":{"line":672,"column":1}},"line":546},"28":{"name":"(anonymous_28)","decl":{"start":{"line":567,"column":6},"end":{"line":567,"column":7}},"loc":{"start":{"line":567,"column":11},"end":{"line":567,"column":91}},"line":567},"29":{"name":"(anonymous_29)","decl":{"start":{"line":579,"column":6},"end":{"line":579,"column":7}},"loc":{"start":{"line":579,"column":11},"end":{"line":579,"column":47}},"line":579},"30":{"name":"(anonymous_30)","decl":{"start":{"line":601,"column":69},"end":{"line":601,"column":70}},"loc":{"start":{"line":601,"column":78},"end":{"line":604,"column":5}},"line":601},"31":{"name":"(anonymous_31)","decl":{"start":{"line":611,"column":6},"end":{"line":611,"column":7}},"loc":{"start":{"line":611,"column":11},"end":{"line":611,"column":91}},"line":611},"32":{"name":"(anonymous_32)","decl":{"start":{"line":616,"column":8},"end":{"line":616,"column":9}},"loc":{"start":{"line":616,"column":13},"end":{"line":616,"column":41}},"line":616},"33":{"name":"(anonymous_33)","decl":{"start":{"line":649,"column":69},"end":{"line":649,"column":70}},"loc":{"start":{"line":649,"column":78},"end":{"line":652,"column":7}},"line":649},"34":{"name":"(anonymous_34)","decl":{"start":{"line":677,"column":32},"end":{"line":677,"column":33}},"loc":{"start":{"line":677,"column":58},"end":{"line":715,"column":1}},"line":677},"35":{"name":"(anonymous_35)","decl":{"start":{"line":698,"column":57},"end":{"line":698,"column":58}},"loc":{"start":{"line":698,"column":66},"end":{"line":708,"column":5}},"line":698}},"branchMap":{"0":{"loc":{"start":{"line":15,"column":4},"end":{"line":17,"column":5}},"type":"if","locations":[{"start":{"line":15,"column":4},"end":{"line":17,"column":5}},{"start":{},"end":{}}],"line":15},"1":{"loc":{"start":{"line":20,"column":4},"end":{"line":22,"column":5}},"type":"if","locations":[{"start":{"line":20,"column":4},"end":{"line":22,"column":5}},{"start":{},"end":{}}],"line":20},"2":{"loc":{"start":{"line":25,"column":4},"end":{"line":28,"column":5}},"type":"if","locations":[{"start":{"line":25,"column":4},"end":{"line":28,"column":5}},{"start":{},"end":{}}],"line":25},"3":{"loc":{"start":{"line":47,"column":4},"end":{"line":49,"column":5}},"type":"if","locations":[{"start":{"line":47,"column":4},"end":{"line":49,"column":5}},{"start":{},"end":{}}],"line":47},"4":{"loc":{"start":{"line":87,"column":4},"end":{"line":89,"column":5}},"type":"if","locations":[{"start":{"line":87,"column":4},"end":{"line":89,"column":5}},{"start":{},"end":{}}],"line":87},"5":{"loc":{"start":{"line":107,"column":4},"end":{"line":109,"column":5}},"type":"if","locations":[{"start":{"line":107,"column":4},"end":{"line":109,"column":5}},{"start":{},"end":{}}],"line":107},"6":{"loc":{"start":{"line":128,"column":4},"end":{"line":130,"column":5}},"type":"if","locations":[{"start":{"line":128,"column":4},"end":{"line":130,"column":5}},{"start":{},"end":{}}],"line":128},"7":{"loc":{"start":{"line":128,"column":8},"end":{"line":128,"column":31}},"type":"binary-expr","locations":[{"start":{"line":128,"column":8},"end":{"line":128,"column":12}},{"start":{"line":128,"column":16},"end":{"line":128,"column":31}}],"line":128},"8":{"loc":{"start":{"line":155,"column":4},"end":{"line":157,"column":5}},"type":"if","locations":[{"start":{"line":155,"column":4},"end":{"line":157,"column":5}},{"start":{},"end":{}}],"line":155},"9":{"loc":{"start":{"line":161,"column":4},"end":{"line":163,"column":5}},"type":"if","locations":[{"start":{"line":161,"column":4},"end":{"line":163,"column":5}},{"start":{},"end":{}}],"line":161},"10":{"loc":{"start":{"line":167,"column":4},"end":{"line":169,"column":5}},"type":"if","locations":[{"start":{"line":167,"column":4},"end":{"line":169,"column":5}},{"start":{},"end":{}}],"line":167},"11":{"loc":{"start":{"line":167,"column":8},"end":{"line":167,"column":32}},"type":"binary-expr","locations":[{"start":{"line":167,"column":8},"end":{"line":167,"column":19}},{"start":{"line":167,"column":23},"end":{"line":167,"column":32}}],"line":167},"12":{"loc":{"start":{"line":173,"column":11},"end":{"line":173,"column":91}},"type":"binary-expr","locations":[{"start":{"line":173,"column":11},"end":{"line":173,"column":51}},{"start":{"line":173,"column":55},"end":{"line":173,"column":91}}],"line":173},"13":{"loc":{"start":{"line":176,"column":4},"end":{"line":181,"column":5}},"type":"if","locations":[{"start":{"line":176,"column":4},"end":{"line":181,"column":5}},{"start":{},"end":{}}],"line":176},"14":{"loc":{"start":{"line":196,"column":4},"end":{"line":198,"column":5}},"type":"if","locations":[{"start":{"line":196,"column":4},"end":{"line":198,"column":5}},{"start":{},"end":{}}],"line":196},"15":{"loc":{"start":{"line":219,"column":4},"end":{"line":221,"column":5}},"type":"if","locations":[{"start":{"line":219,"column":4},"end":{"line":221,"column":5}},{"start":{},"end":{}}],"line":219},"16":{"loc":{"start":{"line":226,"column":13},"end":{"line":226,"column":93}},"type":"binary-expr","locations":[{"start":{"line":226,"column":13},"end":{"line":226,"column":53}},{"start":{"line":226,"column":57},"end":{"line":226,"column":93}}],"line":226},"17":{"loc":{"start":{"line":230,"column":4},"end":{"line":235,"column":5}},"type":"if","locations":[{"start":{"line":230,"column":4},"end":{"line":235,"column":5}},{"start":{},"end":{}}],"line":230},"18":{"loc":{"start":{"line":256,"column":4},"end":{"line":258,"column":5}},"type":"if","locations":[{"start":{"line":256,"column":4},"end":{"line":258,"column":5}},{"start":{},"end":{}}],"line":256},"19":{"loc":{"start":{"line":262,"column":11},"end":{"line":262,"column":91}},"type":"binary-expr","locations":[{"start":{"line":262,"column":11},"end":{"line":262,"column":51}},{"start":{"line":262,"column":55},"end":{"line":262,"column":91}}],"line":262},"20":{"loc":{"start":{"line":265,"column":4},"end":{"line":270,"column":5}},"type":"if","locations":[{"start":{"line":265,"column":4},"end":{"line":270,"column":5}},{"start":{},"end":{}}],"line":265},"21":{"loc":{"start":{"line":275,"column":4},"end":{"line":275,"column":70}},"type":"if","locations":[{"start":{"line":275,"column":4},"end":{"line":275,"column":70}},{"start":{},"end":{}}],"line":275},"22":{"loc":{"start":{"line":276,"column":4},"end":{"line":276,"column":70}},"type":"if","locations":[{"start":{"line":276,"column":4},"end":{"line":276
[...]
}},"53":{"start":{"line":124,"column":6},"end":{"line":127,"column":8}},"54":{"start":{"line":129,"column":6},"end":{"line":129,"column":31}},"55":{"start":{"line":130,"column":6},"end":{"line":130,"column":85}},"56":{"start":{"line":135,"column":0},"end":{"line":135,"column":28}}},"fnMap":{"0":{"name":"teamRoutes","decl":{"start":{"line":4,"column":15},"end":{"line":4,"column":25}},"loc":{"start":{"line":4,"column":44},"end":{"line":133,"column":1}},"line":4},"1":{"name":"(anonymous_1)","decl":{"start":{"line":8,"column":19},"end":{"line":8,"column":20}},"loc":{"start":{"line":8,"column":45},"end":{"line":29,"column":3}},"line":8},"2":{"name":"(anonymous_2)","decl":{"start":{"line":32,"column":22},"end":{"line":32,"column":23}},"loc":{"start":{"line":32,"column":48},"end":{"line":45,"column":3}},"line":32},"3":{"name":"(anonymous_3)","decl":{"start":{"line":50,"column":5},"end":{"line":50,"column":6}},"loc":{"start":{"line":50,"column":31},"end":{"line":60,"column":3}},"line":50},"4":{"name":"(anonymous_4)","decl":{"start":{"line":65,"column":5},"end":{"line":65,"column":6}},"loc":{"start":{"line":65,"column":31},"end":{"line":85,"column":3}},"line":65},"5":{"name":"(anonymous_5)","decl":{"start":{"line":90,"column":5},"end":{"line":90,"column":6}},"loc":{"start":{"line":90,"column":31},"end":{"line":105,"column":3}},"line":90},"6":{"name":"(anonymous_6)","decl":{"start":{"line":110,"column":5},"end":{"line":110,"column":6}},"loc":{"start":{"line":110,"column":31},"end":{"line":132,"column":3}},"line":110}},"branchMap":{"0":{"loc":{"start":{"line":13,"column":6},"end":{"line":22,"column":7}},"type":"if","locations":[{"start":{"line":13,"column":6},"end":{"line":22,"column":7}},{"start":{"line":19,"column":13},"end":{"line":22,"column":7}}],"line":13},"1":{"loc":{"start":{"line":36,"column":6},"end":{"line":38,"column":7}},"type":"if","locations":[{"start":{"line":36,"column":6},"end":{"line":38,"column":7}},{"start":{},"end":{}}],"line":36},"2":{"loc":{"start":{"line":76,"column":6},"end":{"line":78,"column":7}},"type":"if","locations":[{"start":{"line":76,"column":6},"end":{"line":78,"column":7}},{"start":{},"end":{}}],"line":76},"3":{"loc":{"start":{"line":96,"column":6},"end":{"line":98,"column":7}},"type":"if","locations":[{"start":{"line":96,"column":6},"end":{"line":98,"column":7}},{"start":{},"end":{}}],"line":96},"4":{"loc":{"start":{"line":117,"column":6},"end":{"line":119,"column":7}},"type":"if","locations":[{"start":{"line":117,"column":6},"end":{"line":119,"column":7}},{"start":{},"end":{}}],"line":117},"5":{"loc":{"start":{"line":117,"column":10},"end":{"line":117,"column":33}},"type":"binary-expr","locations":[{"start":{"line":117,"column":10},"end":{"line":117,"column":14}},{"start":{"line":117,"column":18},"end":{"line":117,"column":33}}],"line":117}},"s":{"0":2,"1":2,"2":0,"3":0,"4":0,"5":0,"6":0,"7":0,"8":0,"9":0,"10":0,"11":0,"12":0,"13":0,"14":0,"15":0,"16":0,"17":0,"18":0,"19":0,"20":0,"21":0,"22":0,"23":0,"24":0,"25":0,"26":0,"27":0,"28":0,"29":0,"30":0,"31":0,"32":0,"33":0,"34":0,"35":0,"36":0,"37":0,"38":0,"39":0,"40":0,"41":0,"42":0,"43":0,"44":0,"45":0,"46":0,"47":0,"48":0,"49":0,"50":0,"51":0,"52":0,"53":0,"54":0,"55":0,"56":2},"f":{"0":0,"1":0,"2":0,"3":0,"4":0,"5":0,"6":0},"b":{"0":[0,0],"1":[0,0],"2":[0,0],"3":[0,0],"4":[0,0],"5":[0,0]},"_coverageSchema":"1a1c01bbd47fc00a2c39e90264f33305004495a9","hash":"b1e62547b1b217608fd30da22b705ddc059a159b"}
,"/Users/sullivanassie/dev/kempoPerso/NipponKempoPerso/backend/routes/tournaments.js": {"path":"/Users/sullivanassie/dev/kempoPerso/NipponKempoPerso/backend/routes/tournaments.js","statementMap":{"0":{"start":{"line":2,"column":29},"end":{"line":2,"column":75}},"1":{"start":{"line":3,"column":24},"end":{"line":3,"column":65}},"2":{"start":{"line":4,"column":56},"end":{"line":4,"column":85}},"3":{"start":{"line":8,"column":2},"end":{"line":8,"column":56}},"4":{"start":{"line":11,"column":2},"end":{"line":11,"column":68}},"5":{"start":{"line":14,"column":2},"end":{"line":16,"column":59}},"6":{"start":{"line":19,"column":2},"end":{"line":21,"column":41}},"7":{"start":{"line":24,"column":2},"end":{"line":26,"column":44}},"8":{"start":{"line":29,"column":2},"end":{"line":31,"column":44}},"9":{"start":{"line":34,"column":2},"end":{"line":36,"column":44}},"10":{"start":{"line":39,"column":2},"end":{"line":41,"column":42}},"11":{"start":{"line":44,"column":2},"end":{"line":46,"column":43}},"12":{"start":{"line":51,"column":2},"end":{"line":53,"column":49}},"13":{"start":{"line":56,"column":2},"end":{"line":58,"column":46}},"14":{"start":{"line":61,"column":2},"end":{"line":63,"column":53}},"15":{"start":{"line":66,"column":2},"end":{"line":66,"column":126}},"16":{"start":{"line":71,"column":2},"end":{"line":73,"column":47}},"17":{"start":{"line":76,"column":2},"end":{"line":78,"column":43}},"18":{"start":{"line":83,"column":2},"end":{"line":85,"column":53}},"19":{"start":{"line":88,"column":2},"end":{"line":90,"column":56}},"20":{"start":{"line":93,"column":0},"end":{"line":93,"column":34}}},"fnMap":{"0":{"name":"tournamentRoutes","decl":{"start":{"line":6,"column":15},"end":{"line":6,"column":31}},"loc":{"start":{"line":6,"column":50},"end":{"line":91,"column":1}},"line":6}},"branchMap":{},"s":{"0":2,"1":2,"2":2,"3":0,"4":0,"5":0,"6":0,"7":0,"8":0,"9":0,"10":0,"11":0,"12":0,"13":0,"14":0,"15":0,"16":0,"17":0,"18":0,"19":0,"20":2},"f":{"0":0},"b":{},"_coverageSchema":"1a1c01bbd47fc00a2c39e90264f33305004495a9","hash":"a7de5ef2d9a2a4361f48884aba7d10755d374288"}
,"/Users/sullivanassie/dev/kempoPerso/NipponKempoPerso/backend/routes/users.js": {"path":"/Users/sullivanassie/dev/kempoPerso/NipponKempoPerso/backend/routes/users.js","statementMap":{"0":{"start":{"line":1,"column":23},"end":{"line":1,"column":63}},"1":{"start":{"line":2,"column":34},"end":{"line":2,"column":63}},"2":{"start":{"line":6,"column":2},"end":{"line":6,"column":88}},"3":{"start":{"line":9,"column":2},"end":{"line":9,"column":78}},"4":{"start":{"line":12,"column":2},"end":{"line":12,"column":81}},"5":{"start":{"line":15,"column":0},"end":{"line":15,"column":28}}},"fnMap":{"0":{"name":"userRoutes","decl":{"start":{"line":4,"column":15},"end":{"line":4,"column":25}},"loc":{"start":{"line":4,"column":44},"end":{"line":13,"column":1}},"line":4}},"branchMap":{},"s":{"0":2,"1":2,"2":0,"3":0,"4":0,"5":2},"f":{"0":0},"b":{},"_coverageSchema":"1a1c01bbd47fc00a2c39e90264f33305004495a9","hash":"ca1806230c1f02166dd869b87129d385382670a0"}
,"/Users/sullivanassie/dev/kempoPerso/NipponKempoPerso/backend/utils/backupManager.js": {"path":"/Users/sullivanassie/dev/kempoPerso/NipponKempoPerso/backend/utils/backupManager.js","statementMap":{"0":{"start":{"line":1,"column":17},"end":{"line":1,"column":41}},"1":{"start":{"line":2,"column":11},"end":{"line":2,"column":24}},"2":{"start":{"line":3,"column":13},"end":{"line":3,"column":28}},"3":{"start":{"line":4,"column":13},"end":{"line":4,"column":28}},"4":{"start":{"line":5,"column":20},"end":{"line":5,"column":40}},"5":{"start":{"line":8,"column":19},"end":{"line":8,"column":53}},"6":{"start":{"line":9,"column":15},"end":{"line":9,"column":107}},"7":{"start":{"line":10,"column":16},"end":{"line":10,"column":53}},"8":{"start":{"line":13,"column":0},"end":{"line":15,"column":1}},"9":{"start":{"line":14,"column":2},"end":{"line":14,"column":48}},"10":{"start":{"line":21,"column":0},"end":{"line":66,"column":2}},"11":{"start":{"line":22,"column":2},"end":{"line":65,"column":3}},"12":{"start":{"line":23,"column":22},"end":{"line":23,"column":68}},"13":{"start":{"line":24,"column":27},"end":{"line":24,"column":56}},"14":{"start":{"line":25,"column":23},"end":{"line":25,"column":60}},"15":{"start":{"line":27,"column":4},"end":{"line":27,"column":65}},"16":{"start":{"line":30,"column":21},"end":{"line":30,"column":73}},"17":{"start":{"line":31,"column":20},"end":{"line":31,"column":42}},"18":{"start":{"line":35,"column":4},"end":{"line":42,"column":5}},"19":{"start":{"line":36,"column":57},"end":{"line":36,"column":64}},"20":{"start":{"line":38,"column":6},"end":{"line":38,"column":185}},"21":{"start":{"line":41,"column":6},"end":{"line":41,"column":77}},"22":{"start":{"line":44,"column":31},"end":{"line":44,"column":57}},"23":{"start":{"line":46,"column":18},"end":{"line":46,"column":41}},"24":{"start":{"line":47,"column":25},"end":{"line":47,"column":64}},"25":{"start":{"line":49,"column":4},"end":{"line":49,"column":79}},"26":{"start":{"line":51,"column":4},"end":{"line":57,"column":6}},"27":{"start":{"line":59,"column":4},"end":{"line":59,"column":73}},"28":{"start":{"line":60,"column":4},"end":{"line":64,"column":6}},"29":{"start":{"line":73,"column":0},"end":{"line":113,"column":2}},"30":{"start":{"line":74,"column":2},"end":{"line":112,"column":3}},"31":{"start":{"line":75,"column":23},"end":{"line":75,"column":60}},"32":{"start":{"line":78,"column":4},"end":{"line":80,"column":5}},"33":{"start":{"line":79,"column":6},"end":{"line":79,"column":77}},"34":{"start":{"line":82,"column":4},"end":{"line":82,"column":74}},"35":{"start":{"line":84,"column":21},"end":{"line":84,"column":71}},"36":{"start":{"line":85,"column":20},"end":{"line":85,"column":42}},"37":{"start":{"line":89,"column":4},"end":{"line":94,"column":5}},"38":{"start":{"line":90,"column":57},"end":{"line":90,"column":64}},"39":{"start":{"line":91,"column":6},"end":{"line":91,"column":200}},"40":{"start":{"line":93,"column":6},"end":{"line":93,"column":87}},"41":{"start":{"line":96,"column":31},"end":{"line":96,"column":57}},"42":{"start":{"line":98,"column":4},"end":{"line":98,"column":67}},"43":{"start":{"line":100,"column":4},"end":{"line":104,"column":6}},"44":{"start":{"line":106,"column":4},"end":{"line":106,"column":60}},"45":{"start":{"line":107,"column":4},"end":{"line":111,"column":6}},"46":{"start":{"line":119,"column":0},"end":{"line":144,"column":2}},"47":{"start":{"line":120,"column":2},"end":{"line":143,"column":3}},"48":{"start":{"line":121,"column":18},"end":{"line":121,"column":116}},"49":{"start":{"line":121,"column":60},"end":{"line":121,"column":115}},"50":{"start":{"line":123,"column":20},"end":{"line":136,"column":6}},"51":{"start":{"line":124,"column":20},"end":{"line":124,"column":60}},"52":{"start":{"line":125,"column":27},"end":{"line":125,"column":66}},"53":{"start":{"line":128,"column":27},"end":{"line":128,"column":57}},"54":{"start":{"line":130,"column":6},"end":{"line":135,"column":8}},"55":{"start":{"line":139,"column":4},"end":{"line":139,"column":81}},"56":{"start":{"line":139,"column":34},"end":{"line":139,"column":79}},"57":{"start":{"line":141,"column":4},"end":{"line":141,"column":76}},"58":{"start":{"line":142,"column":4},"end":{"line":142,"column":14}},"59":{"start":{"line":151,"column":0},"end":{"line":176,"column":2}},"60":{"start":{"line":152,"column":2},"end":{"line":175,"column":3}},"61":{"start":{"line":153,"column":23},"end":{"line":153,"column":60}},"62":{"start":{"line":156,"column":4},"end":{"line":158,"column":5}},"63":{"start":{"line":157,"column":6},"end":{"line":157,"column":77}},"64":{"start":{"line":160,"column":4},"end":{"line":160,"column":30}},"65":{"start":{"line":162,"column":4},"end":{"line":167,"column":6}},"66":{"start":{"line":169,"column":4},"end":{"line":169,"column":76}},"67":{"start":{"line":170,"column":4},"end":{"line":174,"column":6}}},"fnMap":{"0":{"name":"(anonymous_0)","decl":{"start":{"line":21,"column":23},"end":{"line":21,"column":24}},"loc":{"start":{"line":21,"column":35},"end":{"line":66,"column":1}},"line":21},"1":{"name":"(anonymous_1)","decl":{"start":{"line":73,"column":24},"end":{"line":73,"column":25}},"loc":{"start":{"line":73,"column":50},"end":{"line":113,"column":1}},"line":73},"2":{"name":"(anonymous_2)","decl":{"start":{"line":119,"column":22},"end":{"line":119,"column":23}},"loc":{"start":{"line":119,"column":34},"end":{"line":144,"column":1}},"line":119},"3":{"name":"(anonymous_3)","decl":{"start":{"line":121,"column":52},"end":{"line":121,"column":53}},"loc":{"start":{"line":121,"column":60},"end":{"line":121,"column":115}},"line":121},"4":{"name":"(anonymous_4)","decl":{"start":{"line":123,"column":30},"end":{"line":123,"column":31}},"loc":{"start":{"line":123,"column":38},"end":{"line":136,"column":5}},"line":123},"5":{"name":"(anonymous_5)","decl":{"start":{"line":139,"column":24},"end":{"line":139,"column":25}},"loc":{"start":{"line":139,"column":34},"end":{"line":139,"column":79}},"line":139},"6":{"name":"(anonymous_6)","decl":{"start":{"line":151,"column":23},"end":{"line":151,"column":24}},"loc":{"start":{"line":151,"column":49},"end":{"line":176,"column":1}},"line":151}},"branchMap":{"0":{"loc":{"start":{"line":9,"column":15},"end":{"line":9,"column":107}},"type":"binary-expr","locations":[{"start":{"line":9,"column":15},"end":{"line":9,"column":38}},{"start":{"line":9,"column":42},"end":{"line":9,"column":107}}],"line":9},"1":{"loc":{"start":{"line":10,"column":16},"end":{"line":10,"column":53}},"type":"binary-expr","locations":[{"start":{"line":10,"column":16},"end":{"line":10,"column":35}},{"start":{"line":10,"column":39},"end":{"line":10,"column":53}}],"line":10},"2":{"loc":{"start":{"line":13,"column":0},"end":{"line":15,"column":1}},"type":"if","locations":[{"start":{"line":13,"column":0},"end":{"line":15,"column":1}},{"start":{},"end":{}}],"line":13},"3":{"loc":{"start":{"line":35,"column":4},"end":{"line":42,"column":5}},"type":"if","locations":[{"start":{"line":35,"column":4},"end":{"line":42,"column":5}},{"start":{"line":39,"column":11},"end":{"line":42,"column":5}}],"line":35},"4":{"loc":{"start":{"line":78,"column":4},"end":{"line":80,"column":5}},"type":"if","locations":[{"start":{"line":78,"column":4},"end":{"line":80,"column":5}},{"start":{},"end":{}}],"line":78},"5":{"loc":{"start":{"line":89,"column":4},"end":{"line":94,"column":5}},"type":"if","locations":[{"start":{"line":89,"column":4},"end":{"line":94,"column":5}},{"start":{"line":92,"column":11},"end":{"line":94,"column":5}}],"line":89},"6":{"loc":{"start":{"line":121,"column":60},"end":{"line":121,"column":115}},"type":"binary-expr","locations":[{"start":{"line":121,"column":60},"end":{"line":121,"column":86}},{"start":{"line":121,"column":90},"end":{"line":121,"column":115}}],"line":121},"7":{"loc":{"start":{"line":128,"column":27},"end":{"line":128,"column":57}},"type":"binary-expr","locations":[{"start":{"line":128,"column":27},"end":{"line":128,"column":42}},{"start":{"line":128,"column":46},"end":{"line":128,"column":57}}],"line":128},"8":{"loc":{"start":{"line":156,"column":4},"end":{"line":158,"column":5}},"type":"if","locations":[{"start":{"line":156,"column":4},"end":{"line":158,"column":5}},{"start":{},"end":{}}],"line":156}},"s":{"0":3,"1":3,"2":3,"3":3,"4":3,"5":3,"6":3,"7":3,"8":3,"9":1,"10":3,"11":1,"12":1,"13":1,"14":1,"15":1,"16":1,"17":1,"18":1,"19":1,"20":1,"21":0,"22":1,"23":1,"24":1,"25":1,"26":1,"27":0,"28":0,"29":3,"30":0,"31":0,"32":0,"33":0,"34":0,"35":0,"36":0,"37":0,"38":0,"39":0,"40":0,"41":0,"42":0,"43":0,"44":0,"45":0,"46":3,"47":2,"48":2,"49":3,"50":1,"51":2,"52":2,"53":2,"54":2,"55":1,"56":1,"57":1,"58":1,"59":3,"60":2,"61":2,"62":2,"63":1,"64":1,"65":1,"66":1,"67":1},"f":{"0":1,"1":0,"2":2,"3":3,"4":2,"5":1,"6":2},"b":{"0":[3,3],"1":[3,3],"2":[1,2],"3":[1,0],"4":[0,0],"5":[0,0],"6":[3,2],"7":[2,0],"8":[1,1]},"_coverageSchema":"1a1c01bbd47fc00a2c39e90264f33305004495a9","hash":"cccb798b08c1c1c0af9398b2472a61ef33aa2636"}
,"/Users/sullivanassie/dev/kempoPerso/NipponKempoPerso/backend/utils/syncManager.js": {"path":"/Users/sullivanassie/dev/kempoPerso/NipponKempoPerso/backend/utils/syncManager.js","statementMap":{"0":{"start":{"line":17,"column":4},"end":{"line":78,"column":5}},"1":{"start":{"line":18,"column":21},"end":{"line":23,"column":7}},"2":{"start":{"line":26,"column":20},"end":{"line":26,"column":55}},"3":{"start":{"line":29,"column":6},"end":{"line":68,"column":7}},"4":{"start":{"line":30,"column":8},"end":{"line":67,"column":9}},"5":{"start":{"line":32,"column":31},"end":{"line":34,"column":50}},"6":{"start":{"line":36,"column":10},"end":{"line":61,"column":11}},"7":{"start":{"line":39,"column":43},"end":{"line":39,"column":47}},"8":{"start":{"line":42,"column":12},"end":{"line":42,"column":46}},"9":{"start":{"line":45,"column":12},"end":{"line":45,"column":87}},"10":{"start":{"line":47,"column":12},"end":{"line":47,"column":29}},"11":{"start":{"line":48,"column":12},"end":{"line":48,"column":48}},"12":{"start":{"line":52,"column":12},"end":{"line":52,"column":58}},"13":{"start":{"line":53,"column":12},"end":{"line":53,"column":40}},"14":{"start":{"line":56,"column":28},"end":{"line":56,"column":43}},"15":{"start":{"line":57,"column":12},"end":{"line":57,"column":33}},"16":{"start":{"line":59,"column":12},"end":{"line":59,"column":29}},"17":{"start":{"line":60,"column":12},"end":{"line":60,"column":43}},"18":{"start":{"line":63,"column":10},"end":{"line":66,"column":13}},"19":{"start":{"line":70,"column":6},"end":{"line":70,"column":20}},"20":{"start":{"line":72,"column":6},"end":{"line":77,"column":8}},"21":{"start":{"line":88,"column":4},"end":{"line":105,"column":5}},"22":{"start":{"line":89,"column":6},"end":{"line":92,"column":7}},"23":{"start":{"line":91,"column":8},"end":{"line":91,"column":34}},"24":{"start":{"line":95,"column":23},"end":{"line":97,"column":22}},"25":{"start":{"line":100,"column":6},"end":{"line":102,"column":9}},"26":{"start":{"line":104,"column":6},"end":{"line":104,"column":99}},"27":{"start":{"line":109,"column":0},"end":{"line":109,"column":29}}},"fnMap":{"0":{"name":"(anonymous_0)","decl":{"start":{"line":16,"column":2},"end":{"line":16,"column":3}},"loc":{"start":{"line":16,"column":48},"end":{"line":79,"column":3}},"line":16},"1":{"name":"(anonymous_1)","decl":{"start":{"line":87,"column":2},"end":{"line":87,"column":3}},"loc":{"start":{"line":87,"column":52},"end":{"line":106,"column":3}},"line":87}},"branchMap":{"0":{"loc":{"start":{"line":26,"column":20},"end":{"line":26,"column":55}},"type":"cond-expr","locations":[{"start":{"line":26,"column":42},"end":{"line":26,"column":46}},{"start":{"line":26,"column":49},"end":{"line":26,"column":55}}],"line":26},"1":{"loc":{"start":{"line":32,"column":31},"end":{"line":34,"column":50}},"type":"cond-expr","locations":[{"start":{"line":33,"column":14},"end":{"line":33,"column":44}},{"start":{"line":34,"column":14},"end":{"line":34,"column":50}}],"line":32},"2":{"loc":{"start":{"line":36,"column":10},"end":{"line":61,"column":11}},"type":"if","locations":[{"start":{"line":36,"column":10},"end":{"line":61,"column":11}},{"start":{"line":49,"column":17},"end":{"line":61,"column":11}}],"line":36},"3":{"loc":{"start":{"line":52,"column":29},"end":{"line":52,"column":57}},"type":"binary-expr","locations":[{"start":{"line":52,"column":29},"end":{"line":52,"column":43}},{"start":{"line":52,"column":47},"end":{"line":52,"column":57}}],"line":52},"4":{"loc":{"start":{"line":64,"column":18},"end":{"line":64,"column":37}},"type":"binary-expr","locations":[{"start":{"line":64,"column":18},"end":{"line":64,"column":25}},{"start":{"line":64,"column":29},"end":{"line":64,"column":37}}],"line":64},"5":{"loc":{"start":{"line":89,"column":6},"end":{"line":92,"column":7}},"type":"if","locations":[{"start":{"line":89,"column":6},"end":{"line":92,"column":7}},{"start":{},"end":{}}],"line":89},"6":{"loc":{"start":{"line":95,"column":23},"end":{"line":97,"column":22}},"type":"cond-expr","locations":[{"start":{"line":96,"column":10},"end":{"line":96,"column":32}},{"start":{"line":97,"column":10},"end":{"line":97,"column":22}}],"line":95}},"s":{"0":4,"1":4,"2":4,"3":4,"4":5,"5":5,"6":5,"7":1,"8":1,"9":1,"10":1,"11":1,"12":4,"13":4,"14":4,"15":4,"16":4,"17":4,"18":0,"19":4,"20":0,"21":4,"22":4,"23":1,"24":3,"25":3,"26":1,"27":3},"f":{"0":4,"1":4},"b":{"0":[1,3],"1":[1,4],"2":[1,4],"3":[4,4],"4":[0,0],"5":[1,3],"6":[1,2]},"_coverageSchema":"1a1c01bbd47fc00a2c39e90264f33305004495a9","hash":"55085810c37edf72c75185e6272acbe254bd13ad"}
}
