TN:
SF:controllers/authController.js
FN:10,(anonymous_0)
FN:88,(anonymous_1)
FN:175,(anonymous_2)
FN:205,(anonymous_3)
FN:213,(anonymous_4)
FN:298,(anonymous_5)
FNF:6
FNH:0
FNDA:0,(anonymous_0)
FNDA:0,(anonymous_1)
FNDA:0,(anonymous_2)
FNDA:0,(anonymous_3)
FNDA:0,(anonymous_4)
FNDA:0,(anonymous_5)
DA:2,5
DA:3,5
DA:4,5
DA:5,5
DA:10,5
DA:11,0
DA:12,0
DA:13,0
DA:14,0
DA:17,0
DA:18,0
DA:19,0
DA:20,0
DA:23,0
DA:24,0
DA:27,0
DA:28,0
DA:29,0
DA:33,0
DA:34,0
DA:35,0
DA:36,0
DA:39,0
DA:42,0
DA:43,0
DA:44,0
DA:47,0
DA:52,0
DA:55,0
DA:68,0
DA:69,0
DA:70,0
DA:73,0
DA:75,0
DA:76,0
DA:77,0
DA:78,0
DA:80,0
DA:81,0
DA:88,5
DA:89,0
DA:90,0
DA:91,0
DA:92,0
DA:95,0
DA:96,0
DA:97,0
DA:98,0
DA:102,0
DA:103,0
DA:104,0
DA:105,0
DA:106,0
DA:114,0
DA:115,0
DA:116,0
DA:119,0
DA:131,0
DA:132,0
DA:135,0
DA:140,0
DA:143,0
DA:156,0
DA:157,0
DA:160,0
DA:162,0
DA:163,0
DA:164,0
DA:165,0
DA:167,0
DA:168,0
DA:175,5
DA:176,0
DA:177,0
DA:178,0
DA:180,0
DA:182,0
DA:183,0
DA:184,0
DA:187,0
DA:188,0
DA:190,0
DA:192,0
DA:193,0
DA:194,0
DA:195,0
DA:197,0
DA:198,0
DA:205,5
DA:206,0
DA:207,0
DA:213,5
DA:214,0
DA:215,0
DA:216,0
DA:217,0
DA:220,0
DA:221,0
DA:222,0
DA:223,0
DA:229,0
DA:232,0
DA:233,0
DA:236,0
DA:237,0
DA:238,0
DA:239,0
DA:242,0
DA:253,0
DA:254,0
DA:255,0
DA:258,0
DA:276,0
DA:277,0
DA:278,0
DA:280,0
DA:285,0
DA:286,0
DA:287,0
DA:288,0
DA:290,0
DA:291,0
DA:298,5
DA:299,0
DA:300,0
DA:301,0
DA:302,0
DA:303,0
DA:306,0
DA:311,0
DA:312,0
DA:313,0
DA:319,0
DA:322,0
DA:323,0
DA:324,0
DA:327,0
DA:328,0
DA:329,0
DA:330,0
DA:332,0
DA:333,0
DA:334,0
DA:336,0
DA:341,0
DA:342,0
DA:343,0
DA:344,0
DA:346,0
DA:347,0
LF:150
LH:10
BRDA:18,0,0,0
BRDA:18,0,1,0
BRDA:27,1,0,0
BRDA:27,1,1,0
BRDA:34,2,0,0
BRDA:34,2,1,0
BRDA:92,3,0,0
BRDA:92,3,1,0
BRDA:96,4,0,0
BRDA:96,4,1,0
BRDA:102,5,0,0
BRDA:102,5,1,0
BRDA:104,6,0,0
BRDA:104,6,1,0
BRDA:132,7,0,0
BRDA:132,7,1,0
BRDA:182,8,0,0
BRDA:182,8,1,0
BRDA:221,9,0,0
BRDA:221,9,1,0
BRDA:243,10,0,0
BRDA:243,10,1,0
BRDA:244,11,0,0
BRDA:244,11,1,0
BRDA:245,12,0,0
BRDA:245,12,1,0
BRDA:253,13,0,0
BRDA:253,13,1,0
BRDA:311,14,0,0
BRDA:311,14,1,0
BRF:30
BRH:0
end_of_record
TN:
SF:controllers/backupController.js
FN:8,(anonymous_0)
FN:41,(anonymous_1)
FN:62,(anonymous_2)
FN:98,(anonymous_3)
FN:131,(anonymous_4)
FNF:5
FNH:0
FNDA:0,(anonymous_0)
FNDA:0,(anonymous_1)
FNDA:0,(anonymous_2)
FNDA:0,(anonymous_3)
FNDA:0,(anonymous_4)
DA:1,5
DA:2,5
DA:3,5
DA:8,5
DA:9,0
DA:11,0
DA:13,0
DA:14,0
DA:21,0
DA:30,0
DA:31,0
DA:41,5
DA:42,0
DA:44,0
DA:46,0
DA:51,0
DA:52,0
DA:62,5
DA:63,0
DA:65,0
DA:66,0
DA:67,0
DA:70,0
DA:71,0
DA:78,0
DA:81,0
DA:82,0
DA:85,0
DA:87,0
DA:88,0
DA:98,5
DA:99,0
DA:101,0
DA:102,0
DA:104,0
DA:105,0
DA:112,0
DA:120,0
DA:121,0
DA:131,5
DA:132,0
DA:134,0
DA:135,0
DA:137,0
DA:138,0
DA:145,0
DA:150,0
DA:151,0
LF:48
LH:8
BRDA:13,0,0,0
BRDA:13,0,1,0
BRDA:70,1,0,0
BRDA:70,1,1,0
BRDA:104,2,0,0
BRDA:104,2,1,0
BRDA:137,3,0,0
BRDA:137,3,1,0
BRF:8
BRH:0
end_of_record
TN:
SF:controllers/clubController.js
FN:6,(anonymous_0)
FN:42,(anonymous_1)
FN:52,(anonymous_2)
FN:73,(anonymous_3)
FN:114,(anonymous_4)
FN:143,(anonymous_5)
FN:194,(anonymous_6)
FN:223,(anonymous_7)
FN:224,(anonymous_8)
FNF:9
FNH:0
FNDA:0,(anonymous_0)
FNDA:0,(anonymous_1)
FNDA:0,(anonymous_2)
FNDA:0,(anonymous_3)
FNDA:0,(anonymous_4)
FNDA:0,(anonymous_5)
FNDA:0,(anonymous_6)
FNDA:0,(anonymous_7)
FNDA:0,(anonymous_8)
DA:1,5
DA:2,5
DA:3,5
DA:6,5
DA:7,0
DA:9,0
DA:10,0
DA:14,0
DA:15,0
DA:16,0
DA:19,0
DA:34,0
DA:35,0
DA:37,0
DA:42,5
DA:43,0
DA:44,0
DA:45,0
DA:47,0
DA:52,5
DA:53,0
DA:54,0
DA:59,0
DA:60,0
DA:63,0
DA:65,0
DA:66,0
DA:68,0
DA:73,5
DA:74,0
DA:76,0
DA:77,0
DA:80,0
DA:94,0
DA:100,0
DA:101,0
DA:104,0
DA:106,0
DA:107,0
DA:109,0
DA:114,5
DA:115,0
DA:117,0
DA:118,0
DA:121,0
DA:122,0
DA:123,0
DA:127,0
DA:132,0
DA:133,0
DA:135,0
DA:136,0
DA:138,0
DA:143,5
DA:144,0
DA:146,0
DA:147,0
DA:150,0
DA:152,0
DA:153,0
DA:156,0
DA:157,0
DA:158,0
DA:161,0
DA:162,0
DA:163,0
DA:167,0
DA:168,0
DA:172,0
DA:175,0
DA:176,0
DA:178,0
DA:182,0
DA:183,0
DA:185,0
DA:187,0
DA:189,0
DA:194,5
DA:195,0
DA:197,0
DA:198,0
DA:201,0
DA:203,0
DA:204,0
DA:207,0
DA:208,0
DA:209,0
DA:212,0
DA:213,0
DA:214,0
DA:218,0
DA:219,0
DA:223,0
DA:224,0
DA:227,0
DA:228,0
DA:229,0
DA:231,0
DA:233,0
DA:235,0
LF:100
LH:10
BRDA:9,0,0,0
BRDA:9,0,1,0
BRDA:15,1,0,0
BRDA:15,1,1,0
BRDA:59,2,0,0
BRDA:59,2,1,0
BRDA:65,3,0,0
BRDA:65,3,1,0
BRDA:76,4,0,0
BRDA:76,4,1,0
BRDA:100,5,0,0
BRDA:100,5,1,0
BRDA:106,6,0,0
BRDA:106,6,1,0
BRDA:117,7,0,0
BRDA:117,7,1,0
BRDA:122,8,0,0
BRDA:122,8,1,0
BRDA:135,9,0,0
BRDA:135,9,1,0
BRDA:146,10,0,0
BRDA:146,10,1,0
BRDA:152,11,0,0
BRDA:152,11,1,0
BRDA:152,12,0,0
BRDA:152,12,1,0
BRDA:157,13,0,0
BRDA:157,13,1,0
BRDA:162,14,0,0
BRDA:162,14,1,0
BRDA:167,15,0,0
BRDA:167,15,1,0
BRDA:175,16,0,0
BRDA:175,16,1,0
BRDA:197,17,0,0
BRDA:197,17,1,0
BRDA:203,18,0,0
BRDA:203,18,1,0
BRDA:203,19,0,0
BRDA:203,19,1,0
BRDA:208,20,0,0
BRDA:208,20,1,0
BRDA:213,21,0,0
BRDA:213,21,1,0
BRDA:218,22,0,0
BRDA:218,22,1,0
BRF:46
BRH:0
end_of_record
TN:
SF:controllers/competitorController.js
FN:10,(anonymous_0)
FN:43,(anonymous_1)
FN:61,(anonymous_2)
FN:76,(anonymous_3)
FN:101,(anonymous_4)
FN:121,(anonymous_5)
FN:148,(anonymous_6)
FN:173,(anonymous_7)
FN:212,(anonymous_8)
FN:226,(anonymous_9)
FN:249,(anonymous_10)
FN:262,(anonymous_11)
FN:298,(anonymous_12)
FN:322,(anonymous_13)
FN:338,(anonymous_14)
FN:340,(anonymous_15)
FN:354,(anonymous_16)
FN:355,(anonymous_17)
FN:374,(anonymous_18)
FN:393,(anonymous_19)
FN:418,(anonymous_20)
FN:420,(anonymous_21)
FN:453,(anonymous_22)
FN:476,(anonymous_23)
FN:490,(anonymous_24)
FN:510,(anonymous_25)
FN:522,(anonymous_26)
FN:546,(anonymous_27)
FN:567,(anonymous_28)
FN:579,(anonymous_29)
FN:601,(anonymous_30)
FN:611,(anonymous_31)
FN:616,(anonymous_32)
FN:649,(anonymous_33)
FN:677,(anonymous_34)
FN:698,(anonymous_35)
FNF:36
FNH:0
FNDA:0,(anonymous_0)
FNDA:0,(anonymous_1)
FNDA:0,(anonymous_2)
FNDA:0,(anonymous_3)
FNDA:0,(anonymous_4)
FNDA:0,(anonymous_5)
FNDA:0,(anonymous_6)
FNDA:0,(anonymous_7)
FNDA:0,(anonymous_8)
FNDA:0,(anonymous_9)
FNDA:0,(anonymous_10)
FNDA:0,(anonymous_11)
FNDA:0,(anonymous_12)
FNDA:0,(anonymous_13)
FNDA:0,(anonymous_14)
FNDA:0,(anonymous_15)
FNDA:0,(anonymous_16)
FNDA:0,(anonymous_17)
FNDA:0,(anonymous_18)
FNDA:0,(anonymous_19)
FNDA:0,(anonymous_20)
FNDA:0,(anonymous_21)
FNDA:0,(anonymous_22)
FNDA:0,(anonymous_23)
FNDA:0,(anonymous_24)
FNDA:0,(anonymous_25)
FNDA:0,(anonymous_26)
FNDA:0,(anonymous_27)
FNDA:0,(anonymous_28)
FNDA:0,(anonymous_29)
FNDA:0,(anonymous_30)
FNDA:0,(anonymous_31)
FNDA:0,(anonymous_32)
FNDA:0,(anonymous_33)
FNDA:0,(anonymous_34)
FNDA:0,(anonymous_35)
DA:2,5
DA:3,5
DA:4,5
DA:5,5
DA:10,5
DA:11,0
DA:12,0
DA:15,0
DA:16,0
DA:20,0
DA:21,0
DA:25,0
DA:26,0
DA:27,0
DA:31,0
DA:33,0
DA:35,0
DA:36,0
DA:43,5
DA:44,0
DA:45,0
DA:47,0
DA:48,0
DA:51,0
DA:53,0
DA:54,0
DA:61,5
DA:62,0
DA:63,0
DA:64,0
DA:66,0
DA:68,0
DA:69,0
DA:76,5
DA:77,0
DA:78,0
DA:79,0
DA:81,0
DA:87,0
DA:88,0
DA:91,0
DA:93,0
DA:94,0
DA:101,5
DA:102,0
DA:103,0
DA:105,0
DA:107,0
DA:108,0
DA:111,0
DA:113,0
DA:114,0
DA:121,5
DA:122,0
DA:124,0
DA:127,0
DA:128,0
DA:129,0
DA:133,0
DA:135,0
DA:140,0
DA:141,0
DA:148,5
DA:149,0
DA:150,0
DA:151,0
DA:154,0
DA:155,0
DA:156,0
DA:160,0
DA:161,0
DA:162,0
DA:166,0
DA:167,0
DA:168,0
DA:172,0
DA:173,0
DA:176,0
DA:177,0
DA:184,0
DA:196,0
DA:197,0
DA:200,0
DA:202,0
DA:204,0
DA:205,0
DA:212,5
DA:213,0
DA:214,0
DA:215,0
DA:218,0
DA:219,0
DA:220,0
DA:224,0
DA:225,0
DA:226,0
DA:230,0
DA:231,0
DA:237,0
DA:239,0
DA:241,0
DA:242,0
DA:249,5
DA:250,0
DA:251,0
DA:252,0
DA:255,0
DA:256,0
DA:257,0
DA:261,0
DA:262,0
DA:265,0
DA:266,0
DA:273,0
DA:275,0
DA:276,0
DA:277,0
DA:278,0
DA:281,0
DA:282,0
DA:285,0
DA:286,0
DA:288,0
DA:290,0
DA:291,0
DA:298,5
DA:299,0
DA:300,0
DA:303,0
DA:312,0
DA:314,0
DA:315,0
DA:322,5
DA:323,0
DA:324,0
DA:327,0
DA:337,0
DA:339,0
DA:340,0
DA:343,0
DA:345,0
DA:354,0
DA:357,0
DA:359,0
DA:361,0
DA:364,0
DA:366,0
DA:367,0
DA:374,5
DA:375,0
DA:376,0
DA:377,0
DA:379,0
DA:381,0
DA:382,0
DA:386,0
DA:387,0
DA:388,0
DA:392,0
DA:393,0
DA:396,0
DA:398,0
DA:411,0
DA:412,0
DA:413,0
DA:416,0
DA:418,0
DA:419,0
DA:420,0
DA:423,0
DA:424,0
DA:429,0
DA:435,0
DA:436,0
DA:440,0
DA:441,0
DA:443,0
DA:445,0
DA:446,0
DA:453,5
DA:454,0
DA:455,0
DA:457,0
DA:462,0
DA:463,0
DA:466,0
DA:468,0
DA:469,0
DA:476,5
DA:477,0
DA:478,0
DA:480,0
DA:485,0
DA:486,0
DA:489,0
DA:490,0
DA:493,0
DA:494,0
DA:500,0
DA:502,0
DA:503,0
DA:510,5
DA:511,0
DA:512,0
DA:513,0
DA:515,0
DA:517,0
DA:518,0
DA:521,0
DA:522,0
DA:525,0
DA:526,0
DA:532,0
DA:533,0
DA:534,0
DA:536,0
DA:538,0
DA:539,0
DA:546,5
DA:547,0
DA:548,0
DA:549,0
DA:552,0
DA:557,0
DA:558,0
DA:561,0
DA:562,0
DA:566,0
DA:567,0
DA:570,0
DA:571,0
DA:578,0
DA:579,0
DA:582,0
DA:584,0
DA:585,0
DA:586,0
DA:589,0
DA:598,0
DA:599,0
DA:601,0
DA:602,0
DA:603,0
DA:606,0
DA:607,0
DA:610,0
DA:611,0
DA:614,0
DA:615,0
DA:616,0
DA:621,0
DA:622,0
DA:623,0
DA:625,0
DA:627,0
DA:629,0
DA:630,0
DA:632,0
DA:633,0
DA:637,0
DA:646,0
DA:647,0
DA:649,0
DA:650,0
DA:651,0
DA:654,0
DA:655,0
DA:659,0
DA:660,0
DA:662,0
DA:667,0
DA:669,0
DA:670,0
DA:677,5
DA:678,0
DA:679,0
DA:682,0
DA:692,0
DA:694,0
DA:698,0
DA:699,0
DA:710,0
DA:712,0
DA:713,0
LF:284
LH:21
BRDA:15,0,0,0
BRDA:15,0,1,0
BRDA:20,1,0,0
BRDA:20,1,1,0
BRDA:25,2,0,0
BRDA:25,2,1,0
BRDA:47,3,0,0
BRDA:47,3,1,0
BRDA:87,4,0,0
BRDA:87,4,1,0
BRDA:107,5,0,0
BRDA:107,5,1,0
BRDA:128,6,0,0
BRDA:128,6,1,0
BRDA:128,7,0,0
BRDA:128,7,1,0
BRDA:155,8,0,0
BRDA:155,8,1,0
BRDA:161,9,0,0
BRDA:161,9,1,0
BRDA:167,10,0,0
BRDA:167,10,1,0
BRDA:167,11,0,0
BRDA:167,11,1,0
BRDA:173,12,0,0
BRDA:173,12,1,0
BRDA:176,13,0,0
BRDA:176,13,1,0
BRDA:196,14,0,0
BRDA:196,14,1,0
BRDA:219,15,0,0
BRDA:219,15,1,0
BRDA:226,16,0,0
BRDA:226,16,1,0
BRDA:230,17,0,0
BRDA:230,17,1,0
BRDA:256,18,0,0
BRDA:256,18,1,0
BRDA:262,19,0,0
BRDA:262,19,1,0
BRDA:265,20,0,0
BRDA:265,20,1,0
BRDA:275,21,0,0
BRDA:275,21,1,0
BRDA:276,22,0,0
BRDA:276,22,1,0
BRDA:277,23,0,0
BRDA:277,23,1,0
BRDA:278,24,0,0
BRDA:278,24,1,0
BRDA:281,25,0,0
BRDA:281,25,1,0
BRDA:281,26,0,0
BRDA:281,26,1,0
BRDA:340,27,0,0
BRDA:340,27,1,0
BRDA:343,28,0,0
BRDA:343,28,1,0
BRDA:348,29,0,0
BRDA:348,29,1,0
BRDA:349,30,0,0
BRDA:349,30,1,0
BRDA:357,31,0,0
BRDA:357,31,1,0
BRDA:357,32,0,0
BRDA:357,32,1,0
BRDA:359,33,0,0
BRDA:359,33,1,0
BRDA:381,34,0,0
BRDA:381,34,1,0
BRDA:387,35,0,0
BRDA:387,35,1,0
BRDA:393,36,0,0
BRDA:393,36,1,0
BRDA:396,37,0,0
BRDA:396,37,1,0
BRDA:402,38,0,0
BRDA:402,38,1,0
BRDA:403,39,0,0
BRDA:403,39,1,0
BRDA:404,40,0,0
BRDA:404,40,1,0
BRDA:405,41,0,0
BRDA:405,41,1,0
BRDA:411,42,0,0
BRDA:411,42,1,0
BRDA:412,43,0,0
BRDA:412,43,1,0
BRDA:413,44,0,0
BRDA:413,44,1,0
BRDA:416,45,0,0
BRDA:416,45,1,0
BRDA:416,46,0,0
BRDA:416,46,1,0
BRDA:423,47,0,0
BRDA:423,47,1,0
BRDA:435,48,0,0
BRDA:435,48,1,0
BRDA:462,49,0,0
BRDA:462,49,1,0
BRDA:485,50,0,0
BRDA:485,50,1,0
BRDA:493,51,0,0
BRDA:493,51,1,0
BRDA:517,52,0,0
BRDA:517,52,1,0
BRDA:522,53,0,0
BRDA:522,53,1,0
BRDA:525,54,0,0
BRDA:525,54,1,0
BRDA:557,55,0,0
BRDA:557,55,1,0
BRDA:561,56,0,0
BRDA:561,56,1,0
BRDA:567,57,0,0
BRDA:567,57,1,0
BRDA:570,58,0,0
BRDA:570,58,1,0
BRDA:582,59,0,0
BRDA:582,59,1,0
BRDA:585,60,0,0
BRDA:585,60,1,0
BRDA:586,61,0,0
BRDA:586,61,1,0
BRDA:592,62,0,0
BRDA:592,62,1,0
BRDA:593,63,0,0
BRDA:593,63,1,0
BRDA:602,64,0,0
BRDA:602,64,1,0
BRDA:603,65,0,0
BRDA:603,65,1,0
BRDA:611,66,0,0
BRDA:611,66,1,0
BRDA:614,67,0,0
BRDA:614,67,1,0
BRDA:621,68,0,0
BRDA:621,68,1,0
BRDA:622,69,0,0
BRDA:622,69,1,0
BRDA:625,70,0,0
BRDA:625,70,1,0
BRDA:629,71,0,0
BRDA:629,71,1,0
BRDA:632,72,0,0
BRDA:632,72,1,0
BRDA:640,73,0,0
BRDA:640,73,1,0
BRDA:641,74,0,0
BRDA:641,74,1,0
BRDA:650,75,0,0
BRDA:650,75,1,0
BRDA:651,76,0,0
BRDA:651,76,1,0
BRDA:692,77,0,0
BRDA:692,77,1,0
BRDA:704,78,0,0
BRDA:704,78,1,0
BRF:158
BRH:0
end_of_record
TN:
SF:controllers/matchController.js
FN:11,(anonymous_0)
FN:37,(anonymous_1)
FN:57,(anonymous_2)
FN:80,(anonymous_3)
FN:103,(anonymous_4)
FN:143,(anonymous_5)
FN:163,(anonymous_6)
FN:224,(anonymous_7)
FN:252,(anonymous_8)
FN:346,(anonymous_9)
FN:400,(anonymous_10)
FN:427,(anonymous_11)
FN:448,(anonymous_12)
FN:470,propagateWinner
FN:510,updateNextMatch
FN:533,checkPouleCompletion
FN:536,(anonymous_16)
FNF:17
FNH:0
FNDA:0,(anonymous_0)
FNDA:0,(anonymous_1)
FNDA:0,(anonymous_2)
FNDA:0,(anonymous_3)
FNDA:0,(anonymous_4)
FNDA:0,(anonymous_5)
FNDA:0,(anonymous_6)
FNDA:0,(anonymous_7)
FNDA:0,(anonymous_8)
FNDA:0,(anonymous_9)
FNDA:0,(anonymous_10)
FNDA:0,(anonymous_11)
FNDA:0,(anonymous_12)
FNDA:0,propagateWinner
FNDA:0,updateNextMatch
FNDA:0,checkPouleCompletion
FNDA:0,(anonymous_16)
DA:2,1
DA:3,1
DA:4,1
DA:5,1
DA:6,1
DA:11,1
DA:12,0
DA:16,0
DA:17,0
DA:19,0
DA:24,0
DA:27,0
DA:29,0
DA:30,0
DA:37,1
DA:38,0
DA:39,0
DA:41,0
DA:47,0
DA:49,0
DA:50,0
DA:57,1
DA:58,0
DA:59,0
DA:66,0
DA:67,0
DA:70,0
DA:72,0
DA:73,0
DA:80,1
DA:81,0
DA:82,0
DA:85,0
DA:86,0
DA:87,0
DA:90,0
DA:91,0
DA:93,0
DA:95,0
DA:96,0
DA:103,1
DA:104,0
DA:105,0
DA:106,0
DA:108,0
DA:110,0
DA:111,0
DA:115,0
DA:116,0
DA:119,0
DA:120,0
DA:125,0
DA:126,0
DA:130,0
DA:131,0
DA:133,0
DA:135,0
DA:136,0
DA:143,1
DA:144,0
DA:145,0
DA:147,0
DA:149,0
DA:150,0
DA:153,0
DA:155,0
DA:156,0
DA:163,1
DA:164,0
DA:165,0
DA:167,0
DA:169,0
DA:170,0
DA:173,0
DA:174,0
DA:178,0
DA:179,0
DA:180,0
DA:183,0
DA:184,0
DA:187,0
DA:188,0
DA:189,0
DA:200,0
DA:201,0
DA:202,0
DA:207,0
DA:208,0
DA:210,0
DA:216,0
DA:217,0
DA:224,1
DA:225,0
DA:226,0
DA:227,0
DA:230,0
DA:231,0
DA:232,0
DA:236,0
DA:237,0
DA:241,0
DA:247,0
DA:248,0
DA:252,0
DA:255,0
DA:256,0
DA:257,0
DA:258,0
DA:261,0
DA:262,0
DA:265,0
DA:268,0
DA:269,0
DA:271,0
DA:272,0
DA:281,0
DA:282,0
DA:287,0
DA:288,0
DA:289,0
DA:291,0
DA:292,0
DA:293,0
DA:296,0
DA:297,0
DA:303,0
DA:305,0
DA:306,0
DA:309,0
DA:310,0
DA:314,0
DA:315,0
DA:319,0
DA:320,0
DA:321,0
DA:324,0
DA:325,0
DA:329,0
DA:332,0
DA:338,0
DA:339,0
DA:346,1
DA:347,0
DA:348,0
DA:349,0
DA:351,0
DA:353,0
DA:354,0
DA:358,0
DA:359,0
DA:360,0
DA:361,0
DA:364,0
DA:365,0
DA:366,0
DA:367,0
DA:368,0
DA:369,0
DA:373,0
DA:374,0
DA:375,0
DA:378,0
DA:379,0
DA:383,0
DA:384,0
DA:388,0
DA:390,0
DA:392,0
DA:393,0
DA:400,1
DA:401,0
DA:403,0
DA:406,0
DA:407,0
DA:408,0
DA:412,0
DA:414,0
DA:419,0
DA:420,0
DA:427,1
DA:428,0
DA:429,0
DA:438,0
DA:440,0
DA:441,0
DA:448,1
DA:449,0
DA:450,0
DA:452,0
DA:460,0
DA:462,0
DA:463,0
DA:471,0
DA:472,0
DA:474,0
DA:475,0
DA:479,0
DA:480,0
DA:482,0
DA:485,0
DA:489,0
DA:490,0
DA:491,0
DA:492,0
DA:495,0
DA:496,0
DA:497,0
DA:498,0
DA:499,0
DA:502,0
DA:505,0
DA:511,0
DA:512,0
DA:514,0
DA:515,0
DA:517,0
DA:520,0
DA:521,0
DA:523,0
DA:526,0
DA:528,0
DA:534,0
DA:535,0
DA:536,0
DA:538,0
DA:539,0
DA:540,0
DA:541,0
DA:547,0
LF:229
LH:17
BRDA:16,0,0,0
BRDA:16,0,1,0
BRDA:66,1,0,0
BRDA:66,1,1,0
BRDA:86,2,0,0
BRDA:86,2,1,0
BRDA:110,3,0,0
BRDA:110,3,1,0
BRDA:115,4,0,0
BRDA:115,4,1,0
BRDA:115,5,0,0
BRDA:115,5,1,0
BRDA:119,6,0,0
BRDA:119,6,1,0
BRDA:119,7,0,0
BRDA:119,7,1,0
BRDA:125,8,0,0
BRDA:125,8,1,0
BRDA:125,9,0,0
BRDA:125,9,1,0
BRDA:149,10,0,0
BRDA:149,10,1,0
BRDA:169,11,0,0
BRDA:169,11,1,0
BRDA:173,12,0,0
BRDA:173,12,1,0
BRDA:179,13,0,0
BRDA:179,13,1,0
BRDA:231,14,0,0
BRDA:231,14,1,0
BRDA:236,15,0,0
BRDA:236,15,1,0
BRDA:236,16,0,0
BRDA:236,16,1,0
BRDA:247,17,0,0
BRDA:247,17,1,0
BRDA:309,18,0,0
BRDA:309,18,1,0
BRDA:314,19,0,0
BRDA:314,19,1,0
BRDA:319,20,0,0
BRDA:319,20,1,0
BRDA:319,21,0,0
BRDA:319,21,1,0
BRDA:324,22,0,0
BRDA:324,22,1,0
BRDA:353,23,0,0
BRDA:353,23,1,0
BRDA:358,24,0,0
BRDA:358,24,1,0
BRDA:359,25,0,0
BRDA:359,25,1,0
BRDA:360,26,0,0
BRDA:360,26,1,0
BRDA:361,27,0,0
BRDA:361,27,1,0
BRDA:364,28,0,0
BRDA:364,28,1,0
BRDA:366,29,0,0
BRDA:366,29,1,0
BRDA:368,30,0,0
BRDA:368,30,1,0
BRDA:368,31,0,0
BRDA:368,31,1,0
BRDA:373,32,0,0
BRDA:373,32,1,0
BRDA:378,33,0,0
BRDA:378,33,1,0
BRDA:378,34,0,0
BRDA:378,34,1,0
BRDA:383,35,0,0
BRDA:383,35,1,0
BRDA:383,36,0,0
BRDA:383,36,1,0
BRDA:407,37,0,0
BRDA:407,37,1,0
BRDA:407,38,0,0
BRDA:407,38,1,0
BRDA:472,39,0,0
BRDA:472,39,1,0
BRDA:472,40,0,0
BRDA:472,40,1,0
BRDA:475,41,0,0
BRDA:475,41,1,0
BRDA:479,42,0,0
BRDA:479,42,1,0
BRDA:489,43,0,0
BRDA:489,43,1,0
BRDA:489,44,0,0
BRDA:489,44,1,0
BRDA:496,45,0,0
BRDA:496,45,1,0
BRDA:496,46,0,0
BRDA:496,46,1,0
BRDA:512,47,0,0
BRDA:512,47,1,0
BRDA:512,48,0,0
BRDA:512,48,1,0
BRDA:517,49,0,0
BRDA:517,49,1,0
BRDA:520,50,0,0
BRDA:520,50,1,0
BRDA:538,51,0,0
BRDA:538,51,1,0
BRF:104
BRH:0
end_of_record
TN:
SF:controllers/pouleController.js
FN:13,(anonymous_0)
FN:112,(anonymous_1)
FN:142,(anonymous_2)
FN:195,(anonymous_3)
FN:212,(anonymous_4)
FN:230,(anonymous_5)
FN:253,(anonymous_6)
FN:303,(anonymous_7)
FN:328,(anonymous_8)
FNF:9
FNH:0
FNDA:0,(anonymous_0)
FNDA:0,(anonymous_1)
FNDA:0,(anonymous_2)
FNDA:0,(anonymous_3)
FNDA:0,(anonymous_4)
FNDA:0,(anonymous_5)
FNDA:0,(anonymous_6)
FNDA:0,(anonymous_7)
FNDA:0,(anonymous_8)
DA:2,5
DA:3,5
DA:4,5
DA:5,5
DA:6,5
DA:13,5
DA:14,0
DA:15,0
DA:16,0
DA:19,0
DA:20,0
DA:26,0
DA:27,0
DA:34,0
DA:35,0
DA:36,0
DA:43,0
DA:44,0
DA:45,0
DA:52,0
DA:61,0
DA:62,0
DA:69,0
DA:74,0
DA:76,0
DA:77,0
DA:82,0
DA:90,0
DA:91,0
DA:92,0
DA:93,0
DA:97,0
DA:98,0
DA:101,0
DA:102,0
DA:103,0
DA:104,0
DA:107,0
DA:108,0
DA:112,0
DA:115,0
DA:123,0
DA:124,0
DA:127,0
DA:134,0
DA:135,0
DA:142,5
DA:143,0
DA:144,0
DA:147,0
DA:148,0
DA:149,0
DA:156,0
DA:161,0
DA:163,0
DA:165,0
DA:166,0
DA:167,0
DA:170,0
DA:171,0
DA:175,0
DA:185,0
DA:187,0
DA:188,0
DA:195,5
DA:196,0
DA:197,0
DA:202,0
DA:204,0
DA:205,0
DA:212,5
DA:213,0
DA:214,0
DA:216,0
DA:220,0
DA:222,0
DA:223,0
DA:230,5
DA:231,0
DA:232,0
DA:234,0
DA:239,0
DA:240,0
DA:243,0
DA:245,0
DA:246,0
DA:253,5
DA:254,0
DA:255,0
DA:258,0
DA:259,0
DA:266,0
DA:267,0
DA:268,0
DA:274,0
DA:275,0
DA:276,0
DA:283,0
DA:291,0
DA:293,0
DA:295,0
DA:296,0
DA:303,5
DA:304,0
DA:305,0
DA:306,0
DA:308,0
DA:314,0
DA:315,0
DA:318,0
DA:320,0
DA:321,0
DA:328,5
DA:329,0
DA:330,0
DA:332,0
DA:334,0
DA:335,0
DA:338,0
DA:340,0
DA:341,0
LF:121
LH:13
BRDA:19,0,0,0
BRDA:19,0,1,0
BRDA:26,1,0,0
BRDA:26,1,1,0
BRDA:26,2,0,0
BRDA:26,2,1,0
BRDA:35,3,0,0
BRDA:35,3,1,0
BRDA:44,4,0,0
BRDA:44,4,1,0
BRDA:61,5,0,0
BRDA:61,5,1,0
BRDA:61,6,0,0
BRDA:61,6,1,0
BRDA:74,7,0,0
BRDA:74,7,1,0
BRDA:76,8,0,0
BRDA:76,8,1,0
BRDA:107,9,0,0
BRDA:107,9,1,0
BRDA:148,10,0,0
BRDA:148,10,1,0
BRDA:166,11,0,0
BRDA:166,11,1,0
BRDA:166,12,0,0
BRDA:166,12,1,0
BRDA:170,13,0,0
BRDA:170,13,1,0
BRDA:239,14,0,0
BRDA:239,14,1,0
BRDA:258,15,0,0
BRDA:258,15,1,0
BRDA:258,16,0,0
BRDA:258,16,1,0
BRDA:258,16,2,0
BRDA:267,17,0,0
BRDA:267,17,1,0
BRDA:275,18,0,0
BRDA:275,18,1,0
BRDA:287,19,0,0
BRDA:287,19,1,0
BRDA:288,20,0,0
BRDA:288,20,1,0
BRDA:314,21,0,0
BRDA:314,21,1,0
BRDA:334,22,0,0
BRDA:334,22,1,0
BRF:47
BRH:0
end_of_record
TN:
SF:controllers/tournamentController.js
FN:9,(anonymous_0)
FN:35,(anonymous_1)
FN:54,(anonymous_2)
FN:80,(anonymous_3)
FN:109,(anonymous_4)
FN:243,(anonymous_5)
FN:268,(anonymous_6)
FN:288,(anonymous_7)
FN:300,(anonymous_8)
FN:301,(anonymous_9)
FN:318,(anonymous_10)
FN:345,(anonymous_11)
FN:358,(anonymous_12)
FN:398,(anonymous_13)
FN:411,(anonymous_14)
FN:435,(anonymous_15)
FN:450,(anonymous_16)
FN:473,(anonymous_17)
FN:548,(anonymous_18)
FN:577,(anonymous_19)
FN:618,(anonymous_20)
FN:647,(anonymous_21)
FN:678,(anonymous_22)
FN:690,(anonymous_23)
FN:691,(anonymous_24)
FN:717,(anonymous_25)
FN:744,(anonymous_26)
FNF:27
FNH:0
FNDA:0,(anonymous_0)
FNDA:0,(anonymous_1)
FNDA:0,(anonymous_2)
FNDA:0,(anonymous_3)
FNDA:0,(anonymous_4)
FNDA:0,(anonymous_5)
FNDA:0,(anonymous_6)
FNDA:0,(anonymous_7)
FNDA:0,(anonymous_8)
FNDA:0,(anonymous_9)
FNDA:0,(anonymous_10)
FNDA:0,(anonymous_11)
FNDA:0,(anonymous_12)
FNDA:0,(anonymous_13)
FNDA:0,(anonymous_14)
FNDA:0,(anonymous_15)
FNDA:0,(anonymous_16)
FNDA:0,(anonymous_17)
FNDA:0,(anonymous_18)
FNDA:0,(anonymous_19)
FNDA:0,(anonymous_20)
FNDA:0,(anonymous_21)
FNDA:0,(anonymous_22)
FNDA:0,(anonymous_23)
FNDA:0,(anonymous_24)
FNDA:0,(anonymous_25)
FNDA:0,(anonymous_26)
DA:2,5
DA:3,5
DA:4,5
DA:9,5
DA:10,0
DA:14,0
DA:15,0
DA:17,0
DA:22,0
DA:25,0
DA:27,0
DA:28,0
DA:35,5
DA:36,0
DA:38,0
DA:40,0
DA:54,0
DA:55,0
DA:58,0
DA:59,0
DA:61,0
DA:65,0
DA:67,0
DA:70,0
DA:72,0
DA:73,0
DA:80,5
DA:81,0
DA:82,0
DA:86,0
DA:87,0
DA:91,0
DA:94,0
DA:99,0
DA:101,0
DA:102,0
DA:109,5
DA:110,0
DA:111,0
DA:114,0
DA:115,0
DA:116,0
DA:126,0
DA:127,0
DA:128,0
DA:136,0
DA:137,0
DA:138,0
DA:139,0
DA:145,0
DA:153,0
DA:156,0
DA:157,0
DA:159,0
DA:160,0
DA:167,0
DA:168,0
DA:169,0
DA:171,0
DA:172,0
DA:177,0
DA:178,0
DA:180,0
DA:181,0
DA:186,0
DA:188,0
DA:196,0
DA:197,0
DA:201,0
DA:202,0
DA:204,0
DA:205,0
DA:207,0
DA:209,0
DA:212,0
DA:213,0
DA:214,0
DA:215,0
DA:218,0
DA:225,0
DA:226,0
DA:232,0
DA:243,5
DA:244,0
DA:245,0
DA:246,0
DA:248,0
DA:254,0
DA:255,0
DA:258,0
DA:260,0
DA:261,0
DA:268,5
DA:269,0
DA:270,0
DA:272,0
DA:274,0
DA:275,0
DA:278,0
DA:280,0
DA:281,0
DA:288,5
DA:289,0
DA:290,0
DA:291,0
DA:293,0
DA:295,0
DA:296,0
DA:300,0
DA:301,0
DA:303,0
DA:304,0
DA:306,0
DA:308,0
DA:310,0
DA:311,0
DA:318,5
DA:319,0
DA:321,0
DA:324,0
DA:325,0
DA:326,0
DA:330,0
DA:332,0
DA:337,0
DA:338,0
DA:345,5
DA:346,0
DA:347,0
DA:348,0
DA:350,0
DA:352,0
DA:353,0
DA:357,0
DA:358,0
DA:361,0
DA:363,0
DA:364,0
DA:365,0
DA:366,0
DA:367,0
DA:373,0
DA:377,0
DA:383,0
DA:385,0
DA:390,0
DA:391,0
DA:398,5
DA:399,0
DA:400,0
DA:401,0
DA:403,0
DA:405,0
DA:406,0
DA:410,0
DA:411,0
DA:414,0
DA:415,0
DA:419,0
DA:420,0
DA:422,0
DA:427,0
DA:428,0
DA:435,5
DA:436,0
DA:437,0
DA:439,0
DA:445,0
DA:446,0
DA:450,0
DA:451,0
DA:463,0
DA:465,0
DA:466,0
DA:473,5
DA:474,0
DA:475,0
DA:476,0
DA:479,0
DA:480,0
DA:487,0
DA:488,0
DA:489,0
DA:496,0
DA:497,0
DA:500,0
DA:501,0
DA:502,0
DA:509,0
DA:517,0
DA:526,0
DA:527,0
DA:529,0
DA:530,0
DA:532,0
DA:534,0
DA:542,0
DA:543,0
DA:547,0
DA:548,0
DA:551,0
DA:553,0
DA:559,0
DA:560,0
DA:563,0
DA:564,0
DA:568,0
DA:571,0
DA:572,0
DA:576,0
DA:577,0
DA:580,0
DA:582,0
DA:583,0
DA:586,0
DA:588,0
DA:597,0
DA:600,0
DA:607,0
DA:608,0
DA:618,5
DA:619,0
DA:620,0
DA:623,0
DA:633,0
DA:634,0
DA:637,0
DA:639,0
DA:640,0
DA:647,5
DA:648,0
DA:649,0
DA:650,0
DA:653,0
DA:654,0
DA:661,0
DA:662,0
DA:663,0
DA:670,0
DA:671,0
DA:678,0
DA:679,0
DA:680,0
DA:682,0
DA:686,0
DA:687,0
DA:690,0
DA:691,0
DA:694,0
DA:695,0
DA:697,0
DA:699,0
DA:706,0
DA:707,0
DA:717,5
DA:718,0
DA:719,0
DA:722,0
DA:723,0
DA:724,0
DA:731,0
DA:732,0
DA:739,0
DA:740,0
DA:743,0
DA:744,0
DA:747,0
DA:748,0
DA:755,0
DA:756,0
DA:758,0
DA:760,0
DA:767,0
DA:768,0
LF:274
LH:18
BRDA:14,0,0,0
BRDA:14,0,1,0
BRDA:58,1,0,0
BRDA:58,1,1,0
BRDA:86,2,0,0
BRDA:86,2,1,0
BRDA:91,3,0,0
BRDA:91,3,1,0
BRDA:115,4,0,0
BRDA:115,4,1,0
BRDA:115,5,0,0
BRDA:115,5,1,0
BRDA:127,6,0,0
BRDA:127,6,1,0
BRDA:127,7,0,0
BRDA:127,7,1,0
BRDA:138,8,0,0
BRDA:138,8,1,0
BRDA:156,9,0,0
BRDA:156,9,1,0
BRDA:159,10,0,0
BRDA:159,10,1,0
BRDA:169,11,0,0
BRDA:169,11,1,0
BRDA:169,12,0,0
BRDA:169,12,1,0
BRDA:171,13,0,0
BRDA:171,13,1,0
BRDA:178,14,0,0
BRDA:178,14,1,0
BRDA:180,15,0,0
BRDA:180,15,1,0
BRDA:212,16,0,0
BRDA:212,16,1,0
BRDA:225,17,0,0
BRDA:225,17,1,0
BRDA:235,18,0,0
BRDA:235,18,1,0
BRDA:254,19,0,0
BRDA:254,19,1,0
BRDA:274,20,0,0
BRDA:274,20,1,0
BRDA:295,21,0,0
BRDA:295,21,1,0
BRDA:325,22,0,0
BRDA:325,22,1,0
BRDA:325,23,0,0
BRDA:325,23,1,0
BRDA:352,24,0,0
BRDA:352,24,1,0
BRDA:358,25,0,0
BRDA:358,25,1,0
BRDA:361,26,0,0
BRDA:361,26,1,0
BRDA:363,27,0,0
BRDA:363,27,1,0
BRDA:405,28,0,0
BRDA:405,28,1,0
BRDA:411,29,0,0
BRDA:411,29,1,0
BRDA:414,30,0,0
BRDA:414,30,1,0
BRDA:445,31,0,0
BRDA:445,31,1,0
BRDA:453,32,0,0
BRDA:453,32,1,0
BRDA:454,33,0,0
BRDA:454,33,1,0
BRDA:455,34,0,0
BRDA:455,34,1,0
BRDA:456,35,0,0
BRDA:456,35,1,0
BRDA:457,36,0,0
BRDA:457,36,1,0
BRDA:458,37,0,0
BRDA:458,37,1,0
BRDA:459,38,0,0
BRDA:459,38,1,0
BRDA:479,39,0,0
BRDA:479,39,1,0
BRDA:479,40,0,0
BRDA:479,40,1,0
BRDA:479,40,2,0
BRDA:488,41,0,0
BRDA:488,41,1,0
BRDA:501,42,0,0
BRDA:501,42,1,0
BRDA:510,43,0,0
BRDA:510,43,1,0
BRDA:511,44,0,0
BRDA:511,44,1,0
BRDA:512,45,0,0
BRDA:512,45,1,0
BRDA:513,46,0,0
BRDA:513,46,1,0
BRDA:532,47,0,0
BRDA:532,47,1,0
BRDA:538,48,0,0
BRDA:538,48,1,0
BRDA:539,49,0,0
BRDA:539,49,1,0
BRDA:548,50,0,0
BRDA:548,50,1,0
BRDA:551,51,0,0
BRDA:551,51,1,0
BRDA:559,52,0,0
BRDA:559,52,1,0
BRDA:571,53,0,0
BRDA:571,53,1,0
BRDA:577,54,0,0
BRDA:577,54,1,0
BRDA:580,55,0,0
BRDA:580,55,1,0
BRDA:633,56,0,0
BRDA:633,56,1,0
BRDA:633,57,0,0
BRDA:633,57,1,0
BRDA:653,58,0,0
BRDA:653,58,1,0
BRDA:653,59,0,0
BRDA:653,59,1,0
BRDA:653,59,2,0
BRDA:662,60,0,0
BRDA:662,60,1,0
BRDA:670,61,0,0
BRDA:670,61,1,0
BRDA:670,62,0,0
BRDA:670,62,1,0
BRDA:679,63,0,0
BRDA:679,63,1,0
BRDA:679,64,0,0
BRDA:679,64,1,0
BRDA:686,65,0,0
BRDA:686,65,1,0
BRDA:723,66,0,0
BRDA:723,66,1,0
BRDA:731,67,0,0
BRDA:731,67,1,0
BRDA:731,68,0,0
BRDA:731,68,1,0
BRDA:739,69,0,0
BRDA:739,69,1,0
BRDA:747,70,0,0
BRDA:747,70,1,0
BRF:144
BRH:0
end_of_record
TN:
SF:controllers/userController.js
FN:4,(anonymous_0)
FN:22,(anonymous_1)
FN:36,(anonymous_2)
FNF:3
FNH:0
FNDA:0,(anonymous_0)
FNDA:0,(anonymous_1)
FNDA:0,(anonymous_2)
DA:1,5
DA:4,5
DA:5,0
DA:6,0
DA:9,0
DA:10,0
DA:13,0
DA:14,0
DA:16,0
DA:17,0
DA:22,5
DA:23,0
DA:24,0
DA:25,0
DA:26,0
DA:27,0
DA:29,0
DA:31,0
DA:36,5
DA:37,0
DA:38,0
DA:39,0
DA:41,0
DA:42,0
DA:43,0
DA:44,0
DA:45,0
DA:47,0
DA:49,0
LF:29
LH:4
BRDA:9,0,0,0
BRDA:9,0,1,0
BRDA:26,1,0,0
BRDA:26,1,1,0
BRDA:44,2,0,0
BRDA:44,2,1,0
BRF:6
BRH:0
end_of_record
TN:
SF:middleware/auth.js
FN:6,(anonymous_0)
FN:24,(anonymous_1)
FN:34,(anonymous_2)
FN:47,(anonymous_3)
FN:48,(anonymous_4)
FNF:5
FNH:5
FNDA:3,(anonymous_0)
FNDA:2,(anonymous_1)
FNDA:3,(anonymous_2)
FNDA:4,(anonymous_3)
FNDA:4,(anonymous_4)
DA:6,5
DA:7,3
DA:9,3
DA:11,1
DA:12,1
DA:15,2
DA:18,1
DA:24,5
DA:25,2
DA:26,2
DA:29,1
DA:34,5
DA:36,3
DA:37,1
DA:41,2
DA:42,1
DA:47,5
DA:48,4
DA:50,4
DA:51,1
DA:55,3
DA:56,1
DA:60,2
DA:61,1
LF:24
LH:24
BRDA:9,0,0,1
BRDA:9,0,1,2
BRDA:9,1,0,3
BRDA:9,1,1,3
BRDA:36,2,0,1
BRDA:36,2,1,2
BRDA:41,3,0,1
BRDA:41,3,1,1
BRDA:47,4,0,0
BRDA:50,5,0,1
BRDA:50,5,1,3
BRDA:55,6,0,1
BRDA:55,6,1,2
BRDA:60,7,0,1
BRDA:60,7,1,1
BRF:15
BRH:14
end_of_record
TN:
SF:models/Category.js
FN:25,(anonymous_0)
FNF:1
FNH:0
FNDA:0,(anonymous_0)
DA:2,5
DA:3,5
DA:5,5
DA:25,5
DA:26,0
DA:27,0
DA:30,5
LF:7
LH:5
BRF:0
BRH:0
end_of_record
TN:
SF:models/Club.js
FN:47,(anonymous_0)
FNF:1
FNH:0
FNDA:0,(anonymous_0)
DA:1,5
DA:3,5
DA:47,5
DA:48,0
DA:49,0
DA:52,5
DA:54,5
LF:7
LH:5
BRF:0
BRH:0
end_of_record
TN:
SF:models/Competitor.js
FN:102,(anonymous_0)
FN:108,(anonymous_1)
FNF:2
FNH:0
FNDA:0,(anonymous_0)
FNDA:0,(anonymous_1)
DA:2,5
DA:3,5
DA:5,5
DA:102,5
DA:103,0
DA:104,0
DA:108,5
DA:109,0
DA:113,5
DA:114,5
DA:116,5
LF:11
LH:8
BRF:0
BRH:0
end_of_record
TN:
SF:models/Log.js
FNF:0
FNH:0
DA:2,1
DA:3,1
DA:5,1
DA:28,1
LF:4
LH:4
BRF:0
BRH:0
end_of_record
TN:
SF:models/Match.js
FNF:0
FNH:0
DA:2,2
DA:3,2
DA:5,2
DA:129,2
LF:4
LH:4
BRF:0
BRH:0
end_of_record
TN:
SF:models/Poule.js
FN:44,(anonymous_0)
FNF:1
FNH:0
FNDA:0,(anonymous_0)
DA:2,5
DA:3,5
DA:5,5
DA:44,5
DA:45,0
DA:46,0
DA:49,5
LF:7
LH:5
BRF:0
BRH:0
end_of_record
TN:
SF:models/Team.js
FN:31,(anonymous_0)
FNF:1
FNH:0
FNDA:0,(anonymous_0)
DA:2,5
DA:3,5
DA:5,5
DA:31,5
DA:32,0
DA:33,0
DA:36,5
LF:7
LH:5
BRF:0
BRH:0
end_of_record
TN:
SF:models/Tournament.js
FN:82,(anonymous_0)
FNF:1
FNH:0
FNDA:0,(anonymous_0)
DA:2,5
DA:3,5
DA:5,5
DA:82,5
DA:83,0
DA:84,0
DA:87,5
LF:7
LH:5
BRF:0
BRH:0
end_of_record
TN:
SF:models/User.js
FN:42,(anonymous_0)
FN:83,(anonymous_1)
FNF:2
FNH:0
FNDA:0,(anonymous_0)
FNDA:0,(anonymous_1)
DA:2,5
DA:3,5
DA:5,5
DA:42,0
DA:83,5
DA:84,0
DA:85,0
DA:88,5
LF:8
LH:5
BRF:0
BRH:0
end_of_record
TN:
SF:routes/auth.js
FN:6,authRoutes
FN:30,(anonymous_1)
FNF:2
FNH:0
FNDA:0,authRoutes
FNDA:0,(anonymous_1)
DA:2,5
DA:3,5
DA:4,5
DA:8,0
DA:11,0
DA:14,0
DA:19,0
DA:24,0
DA:27,0
DA:30,0
DA:31,0
DA:32,0
DA:35,0
DA:36,0
DA:37,0
DA:38,0
DA:45,0
DA:46,0
DA:49,0
DA:61,0
DA:62,0
DA:64,0
DA:73,0
DA:74,0
DA:83,5
LF:25
LH:4
BRDA:36,0,0,0
BRDA:36,0,1,0
BRF:2
BRH:0
end_of_record
TN:
SF:routes/backups.js
FN:5,backupRoutes
FNF:1
FNH:0
FNDA:0,backupRoutes
DA:2,5
DA:3,5
DA:7,0
DA:10,0
DA:13,0
DA:16,0
DA:19,0
DA:22,0
DA:25,5
LF:9
LH:3
BRF:0
BRH:0
end_of_record
TN:
SF:routes/categories.js
FN:4,categoryRoutes
FN:6,(anonymous_1)
FN:30,(anonymous_2)
FN:48,(anonymous_3)
FN:63,(anonymous_4)
FN:88,(anonymous_5)
FN:108,(anonymous_6)
FNF:7
FNH:0
FNDA:0,categoryRoutes
FNDA:0,(anonymous_1)
FNDA:0,(anonymous_2)
FNDA:0,(anonymous_3)
FNDA:0,(anonymous_4)
FNDA:0,(anonymous_5)
FNDA:0,(anonymous_6)
DA:1,5
DA:2,5
DA:6,0
DA:7,0
DA:11,0
DA:12,0
DA:14,0
DA:19,0
DA:22,0
DA:24,0
DA:25,0
DA:30,0
DA:31,0
DA:32,0
DA:34,0
DA:35,0
DA:38,0
DA:40,0
DA:41,0
DA:46,0
DA:49,0
DA:50,0
DA:51,0
DA:53,0
DA:55,0
DA:56,0
DA:61,0
DA:64,0
DA:65,0
DA:66,0
DA:68,0
DA:74,0
DA:75,0
DA:78,0
DA:80,0
DA:81,0
DA:86,0
DA:89,0
DA:90,0
DA:92,0
DA:94,0
DA:95,0
DA:98,0
DA:100,0
DA:101,0
DA:106,0
DA:109,0
DA:111,0
DA:114,0
DA:115,0
DA:116,0
DA:120,0
DA:122,0
DA:127,0
DA:128,0
DA:133,5
LF:56
LH:3
BRDA:11,0,0,0
BRDA:11,0,1,0
BRDA:34,1,0,0
BRDA:34,1,1,0
BRDA:74,2,0,0
BRDA:74,2,1,0
BRDA:94,3,0,0
BRDA:94,3,1,0
BRDA:115,4,0,0
BRDA:115,4,1,0
BRDA:115,5,0,0
BRDA:115,5,1,0
BRF:12
BRH:0
end_of_record
TN:
SF:routes/clubs.js
FN:4,routes
FNF:1
FNH:0
FNDA:0,routes
DA:1,5
DA:2,5
DA:6,0
DA:9,0
DA:14,0
DA:17,0
DA:20,0
DA:25,0
DA:30,0
DA:35,0
DA:40,5
LF:11
LH:3
BRF:0
BRH:0
end_of_record
TN:
SF:routes/competitors.js
FN:6,competitorRoutes
FNF:1
FNH:0
FNDA:0,competitorRoutes
DA:2,5
DA:3,5
DA:4,5
DA:8,0
DA:11,0
DA:14,0
DA:17,0
DA:22,0
DA:27,0
DA:32,0
DA:37,0
DA:44,0
DA:51,0
DA:58,0
DA:64,0
DA:70,5
LF:16
LH:4
BRF:0
BRH:0
end_of_record
TN:
SF:routes/index.js
FN:12,routes
FNF:1
FNH:0
FNDA:0,routes
DA:2,5
DA:3,5
DA:4,5
DA:5,5
DA:6,5
DA:7,5
DA:8,5
DA:9,5
DA:10,5
DA:14,0
DA:15,0
DA:16,0
DA:17,0
DA:18,0
DA:19,0
DA:20,0
DA:21,0
DA:22,0
DA:28,5
LF:19
LH:10
BRF:0
BRH:0
end_of_record
TN:
SF:routes/poules.js
FN:5,pouleRoutes
FNF:1
FNH:0
FNDA:0,pouleRoutes
DA:2,5
DA:3,5
DA:7,0
DA:10,0
DA:13,0
DA:16,0
DA:19,0
DA:22,0
DA:25,0
DA:28,5
LF:10
LH:3
BRF:0
BRH:0
end_of_record
TN:
SF:routes/teams.js
FN:4,teamRoutes
FN:8,(anonymous_1)
FN:32,(anonymous_2)
FN:50,(anonymous_3)
FN:65,(anonymous_4)
FN:90,(anonymous_5)
FN:110,(anonymous_6)
FNF:7
FNH:0
FNDA:0,teamRoutes
FNDA:0,(anonymous_1)
FNDA:0,(anonymous_2)
FNDA:0,(anonymous_3)
FNDA:0,(anonymous_4)
FNDA:0,(anonymous_5)
FNDA:0,(anonymous_6)
DA:2,5
DA:3,5
DA:5,0
DA:8,0
DA:9,0
DA:13,0
DA:14,0
DA:16,0
DA:21,0
DA:24,0
DA:26,0
DA:27,0
DA:32,0
DA:33,0
DA:34,0
DA:36,0
DA:37,0
DA:40,0
DA:42,0
DA:43,0
DA:48,0
DA:51,0
DA:52,0
DA:53,0
DA:55,0
DA:57,0
DA:58,0
DA:63,0
DA:66,0
DA:67,0
DA:68,0
DA:70,0
DA:76,0
DA:77,0
DA:80,0
DA:82,0
DA:83,0
DA:88,0
DA:91,0
DA:92,0
DA:94,0
DA:96,0
DA:97,0
DA:100,0
DA:102,0
DA:103,0
DA:108,0
DA:111,0
DA:113,0
DA:116,0
DA:117,0
DA:118,0
DA:122,0
DA:124,0
DA:129,0
DA:130,0
DA:135,5
LF:57
LH:3
BRDA:13,0,0,0
BRDA:13,0,1,0
BRDA:36,1,0,0
BRDA:36,1,1,0
BRDA:76,2,0,0
BRDA:76,2,1,0
BRDA:96,3,0,0
BRDA:96,3,1,0
BRDA:117,4,0,0
BRDA:117,4,1,0
BRDA:117,5,0,0
BRDA:117,5,1,0
BRF:12
BRH:0
end_of_record
TN:
SF:routes/tournaments.js
FN:6,tournamentRoutes
FNF:1
FNH:0
FNDA:0,tournamentRoutes
DA:2,5
DA:3,5
DA:4,5
DA:8,0
DA:11,0
DA:14,0
DA:19,0
DA:24,0
DA:29,0
DA:34,0
DA:39,0
DA:44,0
DA:51,0
DA:56,0
DA:61,0
DA:66,0
DA:71,0
DA:76,0
DA:83,0
DA:88,0
DA:93,5
LF:21
LH:4
BRF:0
BRH:0
end_of_record
TN:
SF:routes/users.js
FN:4,userRoutes
FNF:1
FNH:0
FNDA:0,userRoutes
DA:1,5
DA:2,5
DA:6,0
DA:9,0
DA:12,0
DA:15,5
LF:6
LH:3
BRF:0
BRH:0
end_of_record
TN:
SF:utils/backupManager.js
FN:21,(anonymous_0)
FN:73,(anonymous_1)
FN:119,(anonymous_2)
FN:121,(anonymous_3)
FN:123,(anonymous_4)
FN:139,(anonymous_5)
FN:151,(anonymous_6)
FNF:7
FNH:0
FNDA:0,(anonymous_0)
FNDA:0,(anonymous_1)
FNDA:0,(anonymous_2)
FNDA:0,(anonymous_3)
FNDA:0,(anonymous_4)
FNDA:0,(anonymous_5)
FNDA:0,(anonymous_6)
DA:1,5
DA:2,5
DA:3,5
DA:4,5
DA:5,5
DA:8,5
DA:9,5
DA:10,5
DA:13,5
DA:14,0
DA:21,5
DA:22,0
DA:23,0
DA:24,0
DA:25,0
DA:27,0
DA:30,0
DA:31,0
DA:35,0
DA:36,0
DA:38,0
DA:41,0
DA:44,0
DA:46,0
DA:47,0
DA:49,0
DA:51,0
DA:59,0
DA:60,0
DA:73,5
DA:74,0
DA:75,0
DA:78,0
DA:79,0
DA:82,0
DA:84,0
DA:85,0
DA:89,0
DA:90,0
DA:91,0
DA:93,0
DA:96,0
DA:98,0
DA:100,0
DA:106,0
DA:107,0
DA:119,5
DA:120,0
DA:121,0
DA:123,0
DA:124,0
DA:125,0
DA:128,0
DA:130,0
DA:139,0
DA:141,0
DA:142,0
DA:151,5
DA:152,0
DA:153,0
DA:156,0
DA:157,0
DA:160,0
DA:162,0
DA:169,0
DA:170,0
LF:66
LH:13
BRDA:9,0,0,5
BRDA:9,0,1,0
BRDA:10,1,0,5
BRDA:10,1,1,5
BRDA:13,2,0,0
BRDA:13,2,1,5
BRDA:35,3,0,0
BRDA:35,3,1,0
BRDA:78,4,0,0
BRDA:78,4,1,0
BRDA:89,5,0,0
BRDA:89,5,1,0
BRDA:121,6,0,0
BRDA:121,6,1,0
BRDA:128,7,0,0
BRDA:128,7,1,0
BRDA:156,8,0,0
BRDA:156,8,1,0
BRF:18
BRH:4
end_of_record
TN:
SF:utils/syncManager.js
FN:16,(anonymous_0)
FN:87,(anonymous_1)
FNF:2
FNH:0
FNDA:0,(anonymous_0)
FNDA:0,(anonymous_1)
DA:17,0
DA:18,0
DA:26,0
DA:29,0
DA:30,0
DA:32,0
DA:36,0
DA:39,0
DA:42,0
DA:45,0
DA:47,0
DA:48,0
DA:52,0
DA:53,0
DA:56,0
DA:57,0
DA:59,0
DA:60,0
DA:63,0
DA:70,0
DA:72,0
DA:88,0
DA:89,0
DA:91,0
DA:95,0
DA:100,0
DA:104,0
DA:109,5
LF:28
LH:1
BRDA:26,0,0,0
BRDA:26,0,1,0
BRDA:32,1,0,0
BRDA:32,1,1,0
BRDA:36,2,0,0
BRDA:36,2,1,0
BRDA:52,3,0,0
BRDA:52,3,1,0
BRDA:64,4,0,0
BRDA:64,4,1,0
BRDA:89,5,0,0
BRDA:89,5,1,0
BRDA:95,6,0,0
BRDA:95,6,1,0
BRF:14
BRH:0
end_of_record
